[ 2016-12-08T04:29:15+08:00 ] 61.135.190.104 /pc/index.php
INFO: [ app_init ] --START--
INFO: Run Behavior\BuildLiteBehavior [ RunTime:0.000018s ]
INFO: [ app_init ] --END-- [ RunTime:0.000066s ]
INFO: [ app_begin ] --START--
INFO: Run Behavior\ReadHtmlCacheBehavior [ RunTime:0.000698s ]
INFO: [ app_begin ] --END-- [ RunTime:0.000742s ]
SQL: SHOW COLUMNS FROM `ea_system_config` [ RunTime:0.000545s ]
SQL: SELECT * FROM `ea_system_config` LIMIT 1   [ RunTime:0.000323s ]
SQL: SHOW COLUMNS FROM `ea_ad` [ RunTime:0.000391s ]
SQL: SELECT * FROM `ea_ad` WHERE ( `ad_code` = 'INDEX_BANNER' )  [ RunTime:0.000542s ]
SQL: SELECT * FROM `ea_ad` WHERE ( `ad_code` = 'INDEX_UL1' ) LIMIT 1   [ RunTime:0.000255s ]
SQL: SELECT * FROM `ea_ad` WHERE ( `ad_code` = 'INDEX_UL2' ) LIMIT 1   [ RunTime:0.000246s ]
SQL: SELECT * FROM `ea_ad` WHERE ( `ad_code` = 'INDEX_UL3' ) LIMIT 1   [ RunTime:0.000192s ]
INFO: [ view_parse ] --START--
INFO: [ template_filter ] --START--
INFO: Run Behavior\ContentReplaceBehavior [ RunTime:0.000131s ]
INFO: [ template_filter ] --END-- [ RunTime:0.000191s ]
INFO: Run Behavior\ParseTemplateBehavior [ RunTime:0.024877s ]
INFO: [ view_parse ] --END-- [ RunTime:0.024925s ]
INFO: [ view_filter ] --START--
INFO: Run Behavior\WriteHtmlCacheBehavior [ RunTime:0.000303s ]
INFO: Run Behavior\TokenBuildBehavior [ RunTime:0.000373s ]
INFO: [ view_filter ] --END-- [ RunTime:0.000740s ]
INFO: [ app_end ] --START--
INFO: Run Behavior\ShowPageTraceBehavior [ RunTime:0.000738s ]
INFO: [ app_end ] --END-- [ RunTime:0.000783s ]

[ 2016-12-08T04:29:16+08:00 ] 61.135.190.222 /pc/wap.php
INFO: [ app_init ] --START--
INFO: Run Behavior\BuildLiteBehavior [ RunTime:0.000019s ]
INFO: [ app_init ] --END-- [ RunTime:0.000068s ]
NOTIC: [8] Constant MODULE_NAME already defined /data/wwwroot/default/pc/ThinkPHP/Library/Think/Dispatcher.class.php 第 135 行.
NOTIC: [8] Constant CONTROLLER_NAME already defined /data/wwwroot/default/pc/ThinkPHP/Library/Think/Dispatcher.class.php 第 223 行.
INFO: [ app_begin ] --START--
INFO: Run Behavior\ReadHtmlCacheBehavior [ RunTime:0.000044s ]
INFO: [ app_begin ] --END-- [ RunTime:0.000078s ]
SQL: SHOW COLUMNS FROM `ea_system_config` [ RunTime:0.000564s ]
SQL: SELECT * FROM `ea_system_config` LIMIT 1   [ RunTime:0.000113s ]
INFO: [ view_parse ] --START--
INFO: [ template_filter ] --START--
INFO: Run Behavior\ContentReplaceBehavior [ RunTime:0.000072s ]
INFO: [ template_filter ] --END-- [ RunTime:0.000140s ]
NOTIC: [8] Undefined index: aft_phone /data/wwwroot/default/pc/App/Runtime/Cache/Home/c720a402649bcecfdc3e7b78a24ebacd.php 第 127 行.
INFO: Run Behavior\ParseTemplateBehavior [ RunTime:0.131062s ]
INFO: [ view_parse ] --END-- [ RunTime:0.131116s ]
INFO: [ view_filter ] --START--
INFO: Run Behavior\WriteHtmlCacheBehavior [ RunTime:0.000060s ]
INFO: Run Behavior\TokenBuildBehavior [ RunTime:0.000040s ]
INFO: [ view_filter ] --END-- [ RunTime:0.000157s ]
INFO: [ app_end ] --START--
INFO: Run Behavior\ShowPageTraceBehavior [ RunTime:0.000087s ]
INFO: [ app_end ] --END-- [ RunTime:0.000126s ]

[ 2016-12-08T04:37:42+08:00 ] 61.135.190.221 /pc/index.php
INFO: [ app_init ] --START--
INFO: Run Behavior\BuildLiteBehavior [ RunTime:0.000017s ]
INFO: [ app_init ] --END-- [ RunTime:0.000070s ]
INFO: [ app_begin ] --START--
INFO: Run Behavior\ReadHtmlCacheBehavior [ RunTime:0.000051s ]
INFO: [ app_begin ] --END-- [ RunTime:0.000103s ]
SQL: SHOW COLUMNS FROM `ea_system_config` [ RunTime:0.000627s ]
SQL: SELECT * FROM `ea_system_config` LIMIT 1   [ RunTime:0.000135s ]
SQL: SHOW COLUMNS FROM `ea_ad` [ RunTime:0.000413s ]
SQL: SELECT * FROM `ea_ad` WHERE ( `ad_code` = 'INDEX_BANNER' )  [ RunTime:0.000098s ]
SQL: SELECT * FROM `ea_ad` WHERE ( `ad_code` = 'INDEX_UL1' ) LIMIT 1   [ RunTime:0.000106s ]
SQL: SELECT * FROM `ea_ad` WHERE ( `ad_code` = 'INDEX_UL2' ) LIMIT 1   [ RunTime:0.000084s ]
SQL: SELECT * FROM `ea_ad` WHERE ( `ad_code` = 'INDEX_UL3' ) LIMIT 1   [ RunTime:0.000077s ]
INFO: [ view_parse ] --START--
INFO: [ template_filter ] --START--
INFO: Run Behavior\ContentReplaceBehavior [ RunTime:0.000293s ]
INFO: [ template_filter ] --END-- [ RunTime:0.000425s ]
INFO: Run Behavior\ParseTemplateBehavior [ RunTime:0.014086s ]
INFO: [ view_parse ] --END-- [ RunTime:0.014160s ]
INFO: [ view_filter ] --START--
INFO: Run Behavior\WriteHtmlCacheBehavior [ RunTime:0.000054s ]
INFO: Run Behavior\TokenBuildBehavior [ RunTime:0.000045s ]
INFO: [ view_filter ] --END-- [ RunTime:0.000161s ]
INFO: [ app_end ] --START--
INFO: Run Behavior\ShowPageTraceBehavior [ RunTime:0.000063s ]
INFO: [ app_end ] --END-- [ RunTime:0.000105s ]

[ 2016-12-08T06:55:15+08:00 ] 220.181.108.142 /pc/index.php
INFO: [ app_init ] --START--
INFO: Run Behavior\BuildLiteBehavior [ RunTime:0.000013s ]
INFO: [ app_init ] --END-- [ RunTime:0.000060s ]
INFO: [ app_begin ] --START--
INFO: Run Behavior\ReadHtmlCacheBehavior [ RunTime:0.000050s ]
INFO: [ app_begin ] --END-- [ RunTime:0.000097s ]
SQL: SHOW COLUMNS FROM `ea_system_config` [ RunTime:0.000642s ]
SQL: SELECT * FROM `ea_system_config` LIMIT 1   [ RunTime:0.000116s ]
SQL: SHOW COLUMNS FROM `ea_ad` [ RunTime:0.000411s ]
SQL: SELECT * FROM `ea_ad` WHERE ( `ad_code` = 'INDEX_BANNER' )  [ RunTime:0.000078s ]
SQL: SELECT * FROM `ea_ad` WHERE ( `ad_code` = 'INDEX_UL1' ) LIMIT 1   [ RunTime:0.000073s ]
SQL: SELECT * FROM `ea_ad` WHERE ( `ad_code` = 'INDEX_UL2' ) LIMIT 1   [ RunTime:0.000067s ]
SQL: SELECT * FROM `ea_ad` WHERE ( `ad_code` = 'INDEX_UL3' ) LIMIT 1   [ RunTime:0.000086s ]
INFO: [ view_parse ] --START--
INFO: [ template_filter ] --START--
INFO: Run Behavior\ContentReplaceBehavior [ RunTime:0.000113s ]
INFO: [ template_filter ] --END-- [ RunTime:0.000163s ]
INFO: Run Behavior\ParseTemplateBehavior [ RunTime:0.011574s ]
INFO: [ view_parse ] --END-- [ RunTime:0.011628s ]
INFO: [ view_filter ] --START--
INFO: Run Behavior\WriteHtmlCacheBehavior [ RunTime:0.000050s ]
INFO: Run Behavior\TokenBuildBehavior [ RunTime:0.000042s ]
INFO: [ view_filter ] --END-- [ RunTime:0.000143s ]
INFO: [ app_end ] --START--
INFO: Run Behavior\ShowPageTraceBehavior [ RunTime:0.000050s ]
INFO: [ app_end ] --END-- [ RunTime:0.000112s ]

[ 2016-12-08T07:28:35+08:00 ] 220.181.108.77 /pc/index.php
INFO: [ app_init ] --START--
INFO: Run Behavior\BuildLiteBehavior [ RunTime:0.000013s ]
INFO: [ app_init ] --END-- [ RunTime:0.000071s ]
INFO: [ app_begin ] --START--
INFO: Run Behavior\ReadHtmlCacheBehavior [ RunTime:0.000042s ]
INFO: [ app_begin ] --END-- [ RunTime:0.000105s ]
SQL: SHOW COLUMNS FROM `ea_system_config` [ RunTime:0.000550s ]
SQL: SELECT * FROM `ea_system_config` LIMIT 1   [ RunTime:0.000114s ]
SQL: SHOW COLUMNS FROM `ea_ad` [ RunTime:0.000350s ]
SQL: SELECT * FROM `ea_ad` WHERE ( `ad_code` = 'INDEX_BANNER' )  [ RunTime:0.000110s ]
SQL: SELECT * FROM `ea_ad` WHERE ( `ad_code` = 'INDEX_UL1' ) LIMIT 1   [ RunTime:0.000073s ]
SQL: SELECT * FROM `ea_ad` WHERE ( `ad_code` = 'INDEX_UL2' ) LIMIT 1   [ RunTime:0.000067s ]
SQL: SELECT * FROM `ea_ad` WHERE ( `ad_code` = 'INDEX_UL3' ) LIMIT 1   [ RunTime:0.000066s ]
INFO: [ view_parse ] --START--
INFO: [ template_filter ] --START--
INFO: Run Behavior\ContentReplaceBehavior [ RunTime:0.000109s ]
INFO: [ template_filter ] --END-- [ RunTime:0.000158s ]
INFO: Run Behavior\ParseTemplateBehavior [ RunTime:0.011673s ]
INFO: [ view_parse ] --END-- [ RunTime:0.011722s ]
INFO: [ view_filter ] --START--
INFO: Run Behavior\WriteHtmlCacheBehavior [ RunTime:0.000063s ]
INFO: Run Behavior\TokenBuildBehavior [ RunTime:0.000043s ]
INFO: [ view_filter ] --END-- [ RunTime:0.000151s ]
INFO: [ app_end ] --START--
INFO: Run Behavior\ShowPageTraceBehavior [ RunTime:0.000047s ]
INFO: [ app_end ] --END-- [ RunTime:0.000093s ]

[ 2016-12-08T07:45:58+08:00 ] 121.42.0.58 /pc/index.php
INFO: [ app_init ] --START--
INFO: Run Behavior\BuildLiteBehavior [ RunTime:0.000020s ]
INFO: [ app_init ] --END-- [ RunTime:0.000081s ]
INFO: [ app_begin ] --START--
INFO: Run Behavior\ReadHtmlCacheBehavior [ RunTime:0.000047s ]
INFO: [ app_begin ] --END-- [ RunTime:0.000080s ]
SQL: SHOW COLUMNS FROM `ea_system_config` [ RunTime:0.000802s ]
SQL: SELECT * FROM `ea_system_config` LIMIT 1   [ RunTime:0.000106s ]
SQL: SHOW COLUMNS FROM `ea_ad` [ RunTime:0.000363s ]
SQL: SELECT * FROM `ea_ad` WHERE ( `ad_code` = 'INDEX_BANNER' )  [ RunTime:0.000111s ]
SQL: SELECT * FROM `ea_ad` WHERE ( `ad_code` = 'INDEX_UL1' ) LIMIT 1   [ RunTime:0.000073s ]
SQL: SELECT * FROM `ea_ad` WHERE ( `ad_code` = 'INDEX_UL2' ) LIMIT 1   [ RunTime:0.000091s ]
SQL: SELECT * FROM `ea_ad` WHERE ( `ad_code` = 'INDEX_UL3' ) LIMIT 1   [ RunTime:0.000076s ]
INFO: [ view_parse ] --START--
INFO: [ template_filter ] --START--
INFO: Run Behavior\ContentReplaceBehavior [ RunTime:0.000119s ]
INFO: [ template_filter ] --END-- [ RunTime:0.000170s ]
INFO: Run Behavior\ParseTemplateBehavior [ RunTime:0.011937s ]
INFO: [ view_parse ] --END-- [ RunTime:0.011983s ]
INFO: [ view_filter ] --START--
INFO: Run Behavior\WriteHtmlCacheBehavior [ RunTime:0.000047s ]
INFO: Run Behavior\TokenBuildBehavior [ RunTime:0.000069s ]
INFO: [ view_filter ] --END-- [ RunTime:0.000217s ]
INFO: [ app_end ] --START--
INFO: Run Behavior\ShowPageTraceBehavior [ RunTime:0.000064s ]
INFO: [ app_end ] --END-- [ RunTime:0.000107s ]

[ 2016-12-08T07:45:59+08:00 ] 121.42.0.58 /pc/index.php
INFO: [ app_init ] --START--
INFO: Run Behavior\BuildLiteBehavior [ RunTime:0.000012s ]
INFO: [ app_init ] --END-- [ RunTime:0.000060s ]
INFO: [ app_begin ] --START--
INFO: Run Behavior\ReadHtmlCacheBehavior [ RunTime:0.000036s ]
INFO: [ app_begin ] --END-- [ RunTime:0.000078s ]
SQL: SHOW COLUMNS FROM `ea_system_config` [ RunTime:0.000534s ]
SQL: SELECT * FROM `ea_system_config` LIMIT 1   [ RunTime:0.000136s ]
SQL: SHOW COLUMNS FROM `ea_ad` [ RunTime:0.000347s ]
SQL: SELECT * FROM `ea_ad` WHERE ( `ad_code` = 'INDEX_BANNER' )  [ RunTime:0.000078s ]
SQL: SELECT * FROM `ea_ad` WHERE ( `ad_code` = 'INDEX_UL1' ) LIMIT 1   [ RunTime:0.000104s ]
SQL: SELECT * FROM `ea_ad` WHERE ( `ad_code` = 'INDEX_UL2' ) LIMIT 1   [ RunTime:0.000086s ]
SQL: SELECT * FROM `ea_ad` WHERE ( `ad_code` = 'INDEX_UL3' ) LIMIT 1   [ RunTime:0.000120s ]
INFO: [ view_parse ] --START--
INFO: [ template_filter ] --START--
INFO: Run Behavior\ContentReplaceBehavior [ RunTime:0.000111s ]
INFO: [ template_filter ] --END-- [ RunTime:0.000154s ]
INFO: Run Behavior\ParseTemplateBehavior [ RunTime:0.011598s ]
INFO: [ view_parse ] --END-- [ RunTime:0.011654s ]
INFO: [ view_filter ] --START--
INFO: Run Behavior\WriteHtmlCacheBehavior [ RunTime:0.000043s ]
INFO: Run Behavior\TokenBuildBehavior [ RunTime:0.000036s ]
INFO: [ view_filter ] --END-- [ RunTime:0.000155s ]
INFO: [ app_end ] --START--
INFO: Run Behavior\ShowPageTraceBehavior [ RunTime:0.000045s ]
INFO: [ app_end ] --END-- [ RunTime:0.000086s ]

[ 2016-12-08T09:03:27+08:00 ] 220.181.108.114 /pc/index.php
INFO: [ app_init ] --START--
INFO: Run Behavior\BuildLiteBehavior [ RunTime:0.000012s ]
INFO: [ app_init ] --END-- [ RunTime:0.000061s ]
INFO: [ app_begin ] --START--
INFO: Run Behavior\ReadHtmlCacheBehavior [ RunTime:0.000042s ]
INFO: [ app_begin ] --END-- [ RunTime:0.000090s ]
SQL: SHOW COLUMNS FROM `ea_system_config` [ RunTime:0.000653s ]
SQL: SELECT * FROM `ea_system_config` LIMIT 1   [ RunTime:0.000123s ]
SQL: SHOW COLUMNS FROM `ea_ad` [ RunTime:0.000450s ]
SQL: SELECT * FROM `ea_ad` WHERE ( `ad_code` = 'INDEX_BANNER' )  [ RunTime:0.000093s ]
SQL: SELECT * FROM `ea_ad` WHERE ( `ad_code` = 'INDEX_UL1' ) LIMIT 1   [ RunTime:0.000074s ]
SQL: SELECT * FROM `ea_ad` WHERE ( `ad_code` = 'INDEX_UL2' ) LIMIT 1   [ RunTime:0.000092s ]
SQL: SELECT * FROM `ea_ad` WHERE ( `ad_code` = 'INDEX_UL3' ) LIMIT 1   [ RunTime:0.000070s ]
INFO: [ view_parse ] --START--
INFO: [ template_filter ] --START--
INFO: Run Behavior\ContentReplaceBehavior [ RunTime:0.000108s ]
INFO: [ template_filter ] --END-- [ RunTime:0.000149s ]
INFO: Run Behavior\ParseTemplateBehavior [ RunTime:0.012388s ]
INFO: [ view_parse ] --END-- [ RunTime:0.012428s ]
INFO: [ view_filter ] --START--
INFO: Run Behavior\WriteHtmlCacheBehavior [ RunTime:0.000043s ]
INFO: Run Behavior\TokenBuildBehavior [ RunTime:0.000073s ]
INFO: [ view_filter ] --END-- [ RunTime:0.000183s ]
INFO: [ app_end ] --START--
INFO: Run Behavior\ShowPageTraceBehavior [ RunTime:0.000070s ]
INFO: [ app_end ] --END-- [ RunTime:0.000121s ]

[ 2016-12-08T12:23:10+08:00 ] 220.181.108.100 /pc/index.php
INFO: [ app_init ] --START--
INFO: Run Behavior\BuildLiteBehavior [ RunTime:0.000017s ]
INFO: [ app_init ] --END-- [ RunTime:0.000086s ]
INFO: [ app_begin ] --START--
INFO: Run Behavior\ReadHtmlCacheBehavior [ RunTime:0.000042s ]
INFO: [ app_begin ] --END-- [ RunTime:0.000077s ]
SQL: SHOW COLUMNS FROM `ea_system_config` [ RunTime:0.000535s ]
SQL: SELECT * FROM `ea_system_config` LIMIT 1   [ RunTime:0.000146s ]
SQL: SHOW COLUMNS FROM `ea_ad` [ RunTime:0.000397s ]
SQL: SELECT * FROM `ea_ad` WHERE ( `ad_code` = 'INDEX_BANNER' )  [ RunTime:0.000081s ]
SQL: SELECT * FROM `ea_ad` WHERE ( `ad_code` = 'INDEX_UL1' ) LIMIT 1   [ RunTime:0.000089s ]
SQL: SELECT * FROM `ea_ad` WHERE ( `ad_code` = 'INDEX_UL2' ) LIMIT 1   [ RunTime:0.000084s ]
SQL: SELECT * FROM `ea_ad` WHERE ( `ad_code` = 'INDEX_UL3' ) LIMIT 1   [ RunTime:0.000064s ]
INFO: [ view_parse ] --START--
INFO: [ template_filter ] --START--
INFO: Run Behavior\ContentReplaceBehavior [ RunTime:0.000125s ]
INFO: [ template_filter ] --END-- [ RunTime:0.000170s ]
INFO: Run Behavior\ParseTemplateBehavior [ RunTime:0.012207s ]
INFO: [ view_parse ] --END-- [ RunTime:0.012256s ]
INFO: [ view_filter ] --START--
INFO: Run Behavior\WriteHtmlCacheBehavior [ RunTime:0.000074s ]
INFO: Run Behavior\TokenBuildBehavior [ RunTime:0.000043s ]
INFO: [ view_filter ] --END-- [ RunTime:0.000170s ]
INFO: [ app_end ] --START--
INFO: Run Behavior\ShowPageTraceBehavior [ RunTime:0.000069s ]
INFO: [ app_end ] --END-- [ RunTime:0.000109s ]

[ 2016-12-08T12:23:10+08:00 ] 220.181.108.75 /pc/
INFO: [ app_init ] --START--
INFO: Run Behavior\BuildLiteBehavior [ RunTime:0.000014s ]
INFO: [ app_init ] --END-- [ RunTime:0.000070s ]
INFO: [ app_begin ] --START--
INFO: Run Behavior\ReadHtmlCacheBehavior [ RunTime:0.000041s ]
INFO: [ app_begin ] --END-- [ RunTime:0.000080s ]
SQL: SHOW COLUMNS FROM `ea_system_config` [ RunTime:0.000679s ]
SQL: SELECT * FROM `ea_system_config` LIMIT 1   [ RunTime:0.000116s ]
SQL: SHOW COLUMNS FROM `ea_ad` [ RunTime:0.000517s ]
SQL: SELECT * FROM `ea_ad` WHERE ( `ad_code` = 'INDEX_BANNER' )  [ RunTime:0.000093s ]
SQL: SELECT * FROM `ea_ad` WHERE ( `ad_code` = 'INDEX_UL1' ) LIMIT 1   [ RunTime:0.000109s ]
SQL: SELECT * FROM `ea_ad` WHERE ( `ad_code` = 'INDEX_UL2' ) LIMIT 1   [ RunTime:0.000133s ]
SQL: SELECT * FROM `ea_ad` WHERE ( `ad_code` = 'INDEX_UL3' ) LIMIT 1   [ RunTime:0.000080s ]
INFO: [ view_parse ] --START--
INFO: [ template_filter ] --START--
INFO: Run Behavior\ContentReplaceBehavior [ RunTime:0.000171s ]
INFO: [ template_filter ] --END-- [ RunTime:0.000223s ]
INFO: Run Behavior\ParseTemplateBehavior [ RunTime:0.015941s ]
INFO: [ view_parse ] --END-- [ RunTime:0.016016s ]
INFO: [ view_filter ] --START--
INFO: Run Behavior\WriteHtmlCacheBehavior [ RunTime:0.000071s ]
INFO: Run Behavior\TokenBuildBehavior [ RunTime:0.000071s ]
INFO: [ view_filter ] --END-- [ RunTime:0.000234s ]
INFO: [ app_end ] --START--
INFO: Run Behavior\ShowPageTraceBehavior [ RunTime:0.000080s ]
INFO: [ app_end ] --END-- [ RunTime:0.000136s ]

[ 2016-12-08T12:48:47+08:00 ] 116.231.225.104 /pc/index.php
INFO: [ app_init ] --START--
INFO: Run Behavior\BuildLiteBehavior [ RunTime:0.000019s ]
INFO: [ app_init ] --END-- [ RunTime:0.000095s ]
INFO: [ app_begin ] --START--
INFO: Run Behavior\ReadHtmlCacheBehavior [ RunTime:0.000064s ]
INFO: [ app_begin ] --END-- [ RunTime:0.000128s ]
SQL: SHOW COLUMNS FROM `ea_system_config` [ RunTime:0.000597s ]
SQL: SELECT * FROM `ea_system_config` LIMIT 1   [ RunTime:0.000114s ]
SQL: SHOW COLUMNS FROM `ea_ad` [ RunTime:0.000381s ]
SQL: SELECT * FROM `ea_ad` WHERE ( `ad_code` = 'INDEX_BANNER' )  [ RunTime:0.000080s ]
SQL: SELECT * FROM `ea_ad` WHERE ( `ad_code` = 'INDEX_UL1' ) LIMIT 1   [ RunTime:0.000089s ]
SQL: SELECT * FROM `ea_ad` WHERE ( `ad_code` = 'INDEX_UL2' ) LIMIT 1   [ RunTime:0.000095s ]
SQL: SELECT * FROM `ea_ad` WHERE ( `ad_code` = 'INDEX_UL3' ) LIMIT 1   [ RunTime:0.000066s ]
INFO: [ view_parse ] --START--
INFO: [ template_filter ] --START--
INFO: Run Behavior\ContentReplaceBehavior [ RunTime:0.000119s ]
INFO: [ template_filter ] --END-- [ RunTime:0.000188s ]
INFO: Run Behavior\ParseTemplateBehavior [ RunTime:0.011991s ]
INFO: [ view_parse ] --END-- [ RunTime:0.012044s ]
INFO: [ view_filter ] --START--
INFO: Run Behavior\WriteHtmlCacheBehavior [ RunTime:0.000078s ]
INFO: Run Behavior\TokenBuildBehavior [ RunTime:0.000042s ]
INFO: [ view_filter ] --END-- [ RunTime:0.000195s ]
INFO: [ app_end ] --START--
INFO: Run Behavior\ShowPageTraceBehavior [ RunTime:0.000049s ]
INFO: [ app_end ] --END-- [ RunTime:0.000090s ]

[ 2016-12-08T16:44:29+08:00 ] 49.80.62.238 /pc/index.php
INFO: [ app_init ] --START--
INFO: Run Behavior\BuildLiteBehavior [ RunTime:0.000013s ]
INFO: [ app_init ] --END-- [ RunTime:0.000062s ]
INFO: [ app_begin ] --START--
INFO: Run Behavior\ReadHtmlCacheBehavior [ RunTime:0.000044s ]
INFO: [ app_begin ] --END-- [ RunTime:0.000078s ]
SQL: SHOW COLUMNS FROM `ea_system_config` [ RunTime:0.001069s ]
SQL: SELECT * FROM `ea_system_config` LIMIT 1   [ RunTime:0.000169s ]
SQL: SHOW COLUMNS FROM `ea_ad` [ RunTime:0.000625s ]
SQL: SELECT * FROM `ea_ad` WHERE ( `ad_code` = 'INDEX_BANNER' )  [ RunTime:0.000125s ]
SQL: SELECT * FROM `ea_ad` WHERE ( `ad_code` = 'INDEX_UL1' ) LIMIT 1   [ RunTime:0.000148s ]
SQL: SELECT * FROM `ea_ad` WHERE ( `ad_code` = 'INDEX_UL2' ) LIMIT 1   [ RunTime:0.000120s ]
SQL: SELECT * FROM `ea_ad` WHERE ( `ad_code` = 'INDEX_UL3' ) LIMIT 1   [ RunTime:0.000115s ]
INFO: [ view_parse ] --START--
INFO: [ template_filter ] --START--
INFO: Run Behavior\ContentReplaceBehavior [ RunTime:0.000132s ]
INFO: [ template_filter ] --END-- [ RunTime:0.000200s ]
INFO: Run Behavior\ParseTemplateBehavior [ RunTime:0.013014s ]
INFO: [ view_parse ] --END-- [ RunTime:0.013068s ]
INFO: [ view_filter ] --START--
INFO: Run Behavior\WriteHtmlCacheBehavior [ RunTime:0.000048s ]
INFO: Run Behavior\TokenBuildBehavior [ RunTime:0.000101s ]
INFO: [ view_filter ] --END-- [ RunTime:0.000237s ]
INFO: [ app_end ] --START--
INFO: Run Behavior\ShowPageTraceBehavior [ RunTime:0.000069s ]
INFO: [ app_end ] --END-- [ RunTime:0.000115s ]

[ 2016-12-08T17:42:16+08:00 ] 220.181.108.97 /pc/index.php
INFO: [ app_init ] --START--
INFO: Run Behavior\BuildLiteBehavior [ RunTime:0.000014s ]
INFO: [ app_init ] --END-- [ RunTime:0.000075s ]
INFO: [ app_begin ] --START--
INFO: Run Behavior\ReadHtmlCacheBehavior [ RunTime:0.000065s ]
INFO: [ app_begin ] --END-- [ RunTime:0.000122s ]
SQL: SHOW COLUMNS FROM `ea_system_config` [ RunTime:0.000615s ]
SQL: SELECT * FROM `ea_system_config` LIMIT 1   [ RunTime:0.000106s ]
SQL: SHOW COLUMNS FROM `ea_ad` [ RunTime:0.000469s ]
SQL: SELECT * FROM `ea_ad` WHERE ( `ad_code` = 'INDEX_BANNER' )  [ RunTime:0.000082s ]
SQL: SELECT * FROM `ea_ad` WHERE ( `ad_code` = 'INDEX_UL1' ) LIMIT 1   [ RunTime:0.000133s ]
SQL: SELECT * FROM `ea_ad` WHERE ( `ad_code` = 'INDEX_UL2' ) LIMIT 1   [ RunTime:0.000100s ]
SQL: SELECT * FROM `ea_ad` WHERE ( `ad_code` = 'INDEX_UL3' ) LIMIT 1   [ RunTime:0.000072s ]
INFO: [ view_parse ] --START--
INFO: [ template_filter ] --START--
INFO: Run Behavior\ContentReplaceBehavior [ RunTime:0.000113s ]
INFO: [ template_filter ] --END-- [ RunTime:0.000160s ]
INFO: Run Behavior\ParseTemplateBehavior [ RunTime:0.011886s ]
INFO: [ view_parse ] --END-- [ RunTime:0.011928s ]
INFO: [ view_filter ] --START--
INFO: Run Behavior\WriteHtmlCacheBehavior [ RunTime:0.000047s ]
INFO: Run Behavior\TokenBuildBehavior [ RunTime:0.000057s ]
INFO: [ view_filter ] --END-- [ RunTime:0.000160s ]
INFO: [ app_end ] --START--
INFO: Run Behavior\ShowPageTraceBehavior [ RunTime:0.000049s ]
INFO: [ app_end ] --END-- [ RunTime:0.000089s ]

[ 2016-12-08T18:49:49+08:00 ] 183.247.162.210 /pc/index.php
INFO: [ app_init ] --START--
INFO: Run Behavior\BuildLiteBehavior [ RunTime:0.000012s ]
INFO: [ app_init ] --END-- [ RunTime:0.000060s ]
INFO: [ app_begin ] --START--
INFO: Run Behavior\ReadHtmlCacheBehavior [ RunTime:0.000045s ]
INFO: [ app_begin ] --END-- [ RunTime:0.000112s ]
SQL: SHOW COLUMNS FROM `ea_system_config` [ RunTime:0.000514s ]
SQL: SELECT * FROM `ea_system_config` LIMIT 1   [ RunTime:0.000116s ]
SQL: SHOW COLUMNS FROM `ea_ad` [ RunTime:0.000347s ]
SQL: SELECT * FROM `ea_ad` WHERE ( `ad_code` = 'INDEX_BANNER' )  [ RunTime:0.000133s ]
SQL: SELECT * FROM `ea_ad` WHERE ( `ad_code` = 'INDEX_UL1' ) LIMIT 1   [ RunTime:0.000074s ]
SQL: SELECT * FROM `ea_ad` WHERE ( `ad_code` = 'INDEX_UL2' ) LIMIT 1   [ RunTime:0.000093s ]
SQL: SELECT * FROM `ea_ad` WHERE ( `ad_code` = 'INDEX_UL3' ) LIMIT 1   [ RunTime:0.000071s ]
INFO: [ view_parse ] --START--
INFO: [ template_filter ] --START--
INFO: Run Behavior\ContentReplaceBehavior [ RunTime:0.000124s ]
INFO: [ template_filter ] --END-- [ RunTime:0.000169s ]
INFO: Run Behavior\ParseTemplateBehavior [ RunTime:0.011716s ]
INFO: [ view_parse ] --END-- [ RunTime:0.011764s ]
INFO: [ view_filter ] --START--
INFO: Run Behavior\WriteHtmlCacheBehavior [ RunTime:0.000045s ]
INFO: Run Behavior\TokenBuildBehavior [ RunTime:0.000042s ]
INFO: [ view_filter ] --END-- [ RunTime:0.000180s ]
INFO: [ app_end ] --START--
INFO: Run Behavior\ShowPageTraceBehavior [ RunTime:0.000052s ]
INFO: [ app_end ] --END-- [ RunTime:0.000092s ]

