[ 2017-02-27T04:35:04+08:00 ] 123.125.71.106 /pc/index.php
INFO: [ app_init ] --START--
INFO: Run Behavior\BuildLiteBehavior [ RunTime:0.000045s ]
INFO: [ app_init ] --END-- [ RunTime:0.000103s ]
INFO: [ app_begin ] --START--
INFO: Run Behavior\ReadHtmlCacheBehavior [ RunTime:0.000612s ]
INFO: [ app_begin ] --END-- [ RunTime:0.000653s ]
SQL: SHOW COLUMNS FROM `ea_system_config` [ RunTime:0.000555s ]
SQL: SELECT * FROM `ea_system_config` LIMIT 1   [ RunTime:0.000103s ]
SQL: SHOW COLUMNS FROM `ea_ad` [ RunTime:0.000393s ]
SQL: SELECT * FROM `ea_ad` WHERE ( `ad_code` = 'INDEX_BANNER' )  [ RunTime:0.000081s ]
SQL: SELECT * FROM `ea_ad` WHERE ( `ad_code` = 'INDEX_UL1' ) LIMIT 1   [ RunTime:0.000072s ]
SQL: SELECT * FROM `ea_ad` WHERE ( `ad_code` = 'INDEX_UL2' ) LIMIT 1   [ RunTime:0.000095s ]
SQL: SELECT * FROM `ea_ad` WHERE ( `ad_code` = 'INDEX_UL3' ) LIMIT 1   [ RunTime:0.000068s ]
INFO: [ view_parse ] --START--
INFO: [ template_filter ] --START--
INFO: Run Behavior\ContentReplaceBehavior [ RunTime:0.000154s ]
INFO: [ template_filter ] --END-- [ RunTime:0.000226s ]
INFO: Run Behavior\ParseTemplateBehavior [ RunTime:0.016961s ]
INFO: [ view_parse ] --END-- [ RunTime:0.017006s ]
INFO: [ view_filter ] --START--
INFO: Run Behavior\WriteHtmlCacheBehavior [ RunTime:0.000184s ]
INFO: Run Behavior\TokenBuildBehavior [ RunTime:0.000343s ]
INFO: [ view_filter ] --END-- [ RunTime:0.000586s ]
INFO: [ app_end ] --START--
INFO: Run Behavior\ShowPageTraceBehavior [ RunTime:0.000778s ]
INFO: [ app_end ] --END-- [ RunTime:0.000824s ]

[ 2017-02-27T07:23:48+08:00 ] 220.181.51.103 /pc/wap.php
INFO: [ app_init ] --START--
INFO: Run Behavior\BuildLiteBehavior [ RunTime:0.000017s ]
INFO: [ app_init ] --END-- [ RunTime:0.000068s ]
NOTIC: [8] Constant MODULE_NAME already defined /data/wwwroot/default/pc/ThinkPHP/Library/Think/Dispatcher.class.php 第 135 行.
NOTIC: [8] Constant CONTROLLER_NAME already defined /data/wwwroot/default/pc/ThinkPHP/Library/Think/Dispatcher.class.php 第 223 行.
INFO: [ app_begin ] --START--
INFO: Run Behavior\ReadHtmlCacheBehavior [ RunTime:0.000046s ]
INFO: [ app_begin ] --END-- [ RunTime:0.000078s ]
SQL: SHOW COLUMNS FROM `ea_system_config` [ RunTime:0.000533s ]
SQL: SELECT * FROM `ea_system_config` LIMIT 1   [ RunTime:0.000102s ]
INFO: [ view_parse ] --START--
INFO: [ template_filter ] --START--
INFO: Run Behavior\ContentReplaceBehavior [ RunTime:0.000058s ]
INFO: [ template_filter ] --END-- [ RunTime:0.000100s ]
NOTIC: [8] Undefined index: aft_phone /data/wwwroot/default/pc/App/Runtime/Cache/Home/c720a402649bcecfdc3e7b78a24ebacd.php 第 127 行.
INFO: Run Behavior\ParseTemplateBehavior [ RunTime:0.004420s ]
INFO: [ view_parse ] --END-- [ RunTime:0.004463s ]
INFO: [ view_filter ] --START--
INFO: Run Behavior\WriteHtmlCacheBehavior [ RunTime:0.000041s ]
INFO: Run Behavior\TokenBuildBehavior [ RunTime:0.000039s ]
INFO: [ view_filter ] --END-- [ RunTime:0.000121s ]
INFO: [ app_end ] --START--
INFO: Run Behavior\ShowPageTraceBehavior [ RunTime:0.000042s ]
INFO: [ app_end ] --END-- [ RunTime:0.000083s ]

[ 2017-02-27T13:37:15+08:00 ] 123.125.71.115 /pc/index.php
INFO: [ app_init ] --START--
INFO: Run Behavior\BuildLiteBehavior [ RunTime:0.000017s ]
INFO: [ app_init ] --END-- [ RunTime:0.000064s ]
INFO: [ app_begin ] --START--
INFO: Run Behavior\ReadHtmlCacheBehavior [ RunTime:0.000047s ]
INFO: [ app_begin ] --END-- [ RunTime:0.000092s ]
SQL: SHOW COLUMNS FROM `ea_system_config` [ RunTime:0.000565s ]
SQL: SELECT * FROM `ea_system_config` LIMIT 1   [ RunTime:0.000151s ]
SQL: SHOW COLUMNS FROM `ea_ad` [ RunTime:0.000473s ]
SQL: SELECT * FROM `ea_ad` WHERE ( `ad_code` = 'INDEX_BANNER' )  [ RunTime:0.000133s ]
SQL: SELECT * FROM `ea_ad` WHERE ( `ad_code` = 'INDEX_UL1' ) LIMIT 1   [ RunTime:0.000073s ]
SQL: SELECT * FROM `ea_ad` WHERE ( `ad_code` = 'INDEX_UL2' ) LIMIT 1   [ RunTime:0.000093s ]
SQL: SELECT * FROM `ea_ad` WHERE ( `ad_code` = 'INDEX_UL3' ) LIMIT 1   [ RunTime:0.000075s ]
INFO: [ view_parse ] --START--
INFO: [ template_filter ] --START--
INFO: Run Behavior\ContentReplaceBehavior [ RunTime:0.000113s ]
INFO: [ template_filter ] --END-- [ RunTime:0.000156s ]
INFO: Run Behavior\ParseTemplateBehavior [ RunTime:0.011946s ]
INFO: [ view_parse ] --END-- [ RunTime:0.011987s ]
INFO: [ view_filter ] --START--
INFO: Run Behavior\WriteHtmlCacheBehavior [ RunTime:0.000046s ]
INFO: Run Behavior\TokenBuildBehavior [ RunTime:0.000109s ]
INFO: [ view_filter ] --END-- [ RunTime:0.000212s ]
INFO: [ app_end ] --START--
INFO: Run Behavior\ShowPageTraceBehavior [ RunTime:0.000080s ]
INFO: [ app_end ] --END-- [ RunTime:0.000144s ]

[ 2017-02-27T20:06:26+08:00 ] 72.79.57.172 /pc/index.php
INFO: [ app_init ] --START--
INFO: Run Behavior\BuildLiteBehavior [ RunTime:0.000014s ]
INFO: [ app_init ] --END-- [ RunTime:0.000062s ]
INFO: [ app_begin ] --START--
INFO: Run Behavior\ReadHtmlCacheBehavior [ RunTime:0.000042s ]
INFO: [ app_begin ] --END-- [ RunTime:0.000076s ]
SQL: SHOW COLUMNS FROM `ea_system_config` [ RunTime:0.000510s ]
SQL: SELECT * FROM `ea_system_config` LIMIT 1   [ RunTime:0.000139s ]
SQL: SHOW COLUMNS FROM `ea_ad` [ RunTime:0.000346s ]
SQL: SELECT * FROM `ea_ad` WHERE ( `ad_code` = 'INDEX_BANNER' )  [ RunTime:0.000129s ]
SQL: SELECT * FROM `ea_ad` WHERE ( `ad_code` = 'INDEX_UL1' ) LIMIT 1   [ RunTime:0.000079s ]
SQL: SELECT * FROM `ea_ad` WHERE ( `ad_code` = 'INDEX_UL2' ) LIMIT 1   [ RunTime:0.000073s ]
SQL: SELECT * FROM `ea_ad` WHERE ( `ad_code` = 'INDEX_UL3' ) LIMIT 1   [ RunTime:0.000069s ]
INFO: [ view_parse ] --START--
INFO: [ template_filter ] --START--
INFO: Run Behavior\ContentReplaceBehavior [ RunTime:0.000133s ]
INFO: [ template_filter ] --END-- [ RunTime:0.000188s ]
INFO: Run Behavior\ParseTemplateBehavior [ RunTime:0.011846s ]
INFO: [ view_parse ] --END-- [ RunTime:0.011889s ]
INFO: [ view_filter ] --START--
INFO: Run Behavior\WriteHtmlCacheBehavior [ RunTime:0.000047s ]
INFO: Run Behavior\TokenBuildBehavior [ RunTime:0.000041s ]
INFO: [ view_filter ] --END-- [ RunTime:0.000132s ]
INFO: [ app_end ] --START--
INFO: Run Behavior\ShowPageTraceBehavior [ RunTime:0.000052s ]
INFO: [ app_end ] --END-- [ RunTime:0.000092s ]

[ 2017-02-27T20:06:26+08:00 ] 72.79.57.172 /pc/index.php/Index/cooperation.html
INFO: [ app_init ] --START--
INFO: Run Behavior\BuildLiteBehavior [ RunTime:0.000018s ]
INFO: [ app_init ] --END-- [ RunTime:0.000090s ]
INFO: [ app_begin ] --START--
INFO: Run Behavior\ReadHtmlCacheBehavior [ RunTime:0.000039s ]
INFO: [ app_begin ] --END-- [ RunTime:0.000074s ]
SQL: SHOW COLUMNS FROM `ea_system_config` [ RunTime:0.000595s ]
SQL: SELECT * FROM `ea_system_config` LIMIT 1   [ RunTime:0.000102s ]
INFO: [ view_parse ] --START--
INFO: [ template_filter ] --START--
INFO: Run Behavior\ContentReplaceBehavior [ RunTime:0.000113s ]
INFO: [ template_filter ] --END-- [ RunTime:0.000164s ]
INFO: Run Behavior\ParseTemplateBehavior [ RunTime:0.007362s ]
INFO: [ view_parse ] --END-- [ RunTime:0.007405s ]
INFO: [ view_filter ] --START--
INFO: Run Behavior\WriteHtmlCacheBehavior [ RunTime:0.000038s ]
INFO: Run Behavior\TokenBuildBehavior [ RunTime:0.000034s ]
INFO: [ view_filter ] --END-- [ RunTime:0.000115s ]
INFO: [ app_end ] --START--
INFO: Run Behavior\ShowPageTraceBehavior [ RunTime:0.000043s ]
INFO: [ app_end ] --END-- [ RunTime:0.000080s ]

[ 2017-02-27T20:06:28+08:00 ] 72.79.57.172 /pc/index.php/Index/mobile-ios.html
INFO: [ app_init ] --START--
INFO: Run Behavior\BuildLiteBehavior [ RunTime:0.000013s ]
INFO: [ app_init ] --END-- [ RunTime:0.000061s ]
INFO: [ app_begin ] --START--
INFO: Run Behavior\ReadHtmlCacheBehavior [ RunTime:0.000047s ]
INFO: [ app_begin ] --END-- [ RunTime:0.000093s ]
SQL: SHOW COLUMNS FROM `ea_system_config` [ RunTime:0.000547s ]
SQL: SELECT * FROM `ea_system_config` LIMIT 1   [ RunTime:0.000117s ]
INFO: [ view_parse ] --START--
INFO: [ template_filter ] --START--
INFO: Run Behavior\ContentReplaceBehavior [ RunTime:0.000188s ]
INFO: [ template_filter ] --END-- [ RunTime:0.000255s ]
INFO: Run Behavior\ParseTemplateBehavior [ RunTime:0.010694s ]
INFO: [ view_parse ] --END-- [ RunTime:0.010746s ]
INFO: [ view_filter ] --START--
INFO: Run Behavior\WriteHtmlCacheBehavior [ RunTime:0.000050s ]
INFO: Run Behavior\TokenBuildBehavior [ RunTime:0.000053s ]
INFO: [ view_filter ] --END-- [ RunTime:0.000155s ]
INFO: [ app_end ] --START--
INFO: Run Behavior\ShowPageTraceBehavior [ RunTime:0.000047s ]
INFO: [ app_end ] --END-- [ RunTime:0.000088s ]

[ 2017-02-27T20:06:29+08:00 ] 72.79.57.172 /pc/index.php/Index/mobile-fx.html
INFO: [ app_init ] --START--
INFO: Run Behavior\BuildLiteBehavior [ RunTime:0.000017s ]
INFO: [ app_init ] --END-- [ RunTime:0.000124s ]
INFO: [ app_begin ] --START--
INFO: Run Behavior\ReadHtmlCacheBehavior [ RunTime:0.000040s ]
INFO: [ app_begin ] --END-- [ RunTime:0.000083s ]
SQL: SHOW COLUMNS FROM `ea_system_config` [ RunTime:0.000632s ]
SQL: SELECT * FROM `ea_system_config` LIMIT 1   [ RunTime:0.000130s ]
INFO: [ view_parse ] --START--
INFO: [ template_filter ] --START--
INFO: Run Behavior\ContentReplaceBehavior [ RunTime:0.000104s ]
INFO: [ template_filter ] --END-- [ RunTime:0.000147s ]
INFO: Run Behavior\ParseTemplateBehavior [ RunTime:0.009294s ]
INFO: [ view_parse ] --END-- [ RunTime:0.009342s ]
INFO: [ view_filter ] --START--
INFO: Run Behavior\WriteHtmlCacheBehavior [ RunTime:0.000052s ]
INFO: Run Behavior\TokenBuildBehavior [ RunTime:0.000070s ]
INFO: [ view_filter ] --END-- [ RunTime:0.000289s ]
INFO: [ app_end ] --START--
INFO: Run Behavior\ShowPageTraceBehavior [ RunTime:0.000060s ]
INFO: [ app_end ] --END-- [ RunTime:0.000107s ]

[ 2017-02-27T20:06:32+08:00 ] 72.79.57.172 /pc/index.php/Index/case.html
INFO: [ app_init ] --START--
INFO: Run Behavior\BuildLiteBehavior [ RunTime:0.000021s ]
INFO: [ app_init ] --END-- [ RunTime:0.000084s ]
INFO: [ app_begin ] --START--
INFO: Run Behavior\ReadHtmlCacheBehavior [ RunTime:0.000079s ]
INFO: [ app_begin ] --END-- [ RunTime:0.000127s ]
SQL: SHOW COLUMNS FROM `ea_system_config` [ RunTime:0.000598s ]
SQL: SELECT * FROM `ea_system_config` LIMIT 1   [ RunTime:0.000148s ]
INFO: [ view_parse ] --START--
INFO: [ template_filter ] --START--
INFO: Run Behavior\ContentReplaceBehavior [ RunTime:0.000196s ]
INFO: [ template_filter ] --END-- [ RunTime:0.000248s ]
INFO: Run Behavior\ParseTemplateBehavior [ RunTime:0.014855s ]
INFO: [ view_parse ] --END-- [ RunTime:0.014898s ]
INFO: [ view_filter ] --START--
INFO: Run Behavior\WriteHtmlCacheBehavior [ RunTime:0.000039s ]
INFO: Run Behavior\TokenBuildBehavior [ RunTime:0.000046s ]
INFO: [ view_filter ] --END-- [ RunTime:0.000139s ]
INFO: [ app_end ] --START--
INFO: Run Behavior\ShowPageTraceBehavior [ RunTime:0.000051s ]
INFO: [ app_end ] --END-- [ RunTime:0.000090s ]

[ 2017-02-27T20:06:33+08:00 ] 72.79.57.172 /pc/index.php/Index/login-register.html
INFO: [ app_init ] --START--
INFO: Run Behavior\BuildLiteBehavior [ RunTime:0.000012s ]
INFO: [ app_init ] --END-- [ RunTime:0.000058s ]
INFO: [ app_begin ] --START--
INFO: Run Behavior\ReadHtmlCacheBehavior [ RunTime:0.000047s ]
INFO: [ app_begin ] --END-- [ RunTime:0.000087s ]
SQL: SHOW COLUMNS FROM `ea_system_config` [ RunTime:0.000705s ]
SQL: SELECT * FROM `ea_system_config` LIMIT 1   [ RunTime:0.000112s ]
INFO: [ view_parse ] --START--
INFO: [ template_filter ] --START--
INFO: Run Behavior\ContentReplaceBehavior [ RunTime:0.000117s ]
INFO: [ template_filter ] --END-- [ RunTime:0.000161s ]
INFO: Run Behavior\ParseTemplateBehavior [ RunTime:0.008831s ]
INFO: [ view_parse ] --END-- [ RunTime:0.008880s ]
INFO: [ view_filter ] --START--
INFO: Run Behavior\WriteHtmlCacheBehavior [ RunTime:0.000038s ]
INFO: Run Behavior\TokenBuildBehavior [ RunTime:0.000040s ]
INFO: [ view_filter ] --END-- [ RunTime:0.000128s ]
INFO: [ app_end ] --START--
INFO: Run Behavior\ShowPageTraceBehavior [ RunTime:0.000043s ]
INFO: [ app_end ] --END-- [ RunTime:0.000082s ]

[ 2017-02-27T20:06:34+08:00 ] 72.79.57.172 /pc/index.php/Index/?index.php-act=login&op=check_mobile.htm
INFO: [ app_init ] --START--
INFO: Run Behavior\BuildLiteBehavior [ RunTime:0.000012s ]
INFO: [ app_init ] --END-- [ RunTime:0.000080s ]
INFO: [ app_begin ] --START--
INFO: Run Behavior\ReadHtmlCacheBehavior [ RunTime:0.000037s ]
INFO: [ app_begin ] --END-- [ RunTime:0.000072s ]
SQL: SHOW COLUMNS FROM `ea_system_config` [ RunTime:0.000604s ]
SQL: SELECT * FROM `ea_system_config` LIMIT 1   [ RunTime:0.000130s ]
SQL: SHOW COLUMNS FROM `ea_ad` [ RunTime:0.000372s ]
SQL: SELECT * FROM `ea_ad` WHERE ( `ad_code` = 'INDEX_BANNER' )  [ RunTime:0.000098s ]
SQL: SELECT * FROM `ea_ad` WHERE ( `ad_code` = 'INDEX_UL1' ) LIMIT 1   [ RunTime:0.000090s ]
SQL: SELECT * FROM `ea_ad` WHERE ( `ad_code` = 'INDEX_UL2' ) LIMIT 1   [ RunTime:0.000075s ]
SQL: SELECT * FROM `ea_ad` WHERE ( `ad_code` = 'INDEX_UL3' ) LIMIT 1   [ RunTime:0.000078s ]
INFO: [ view_parse ] --START--
INFO: [ template_filter ] --START--
INFO: Run Behavior\ContentReplaceBehavior [ RunTime:0.000109s ]
INFO: [ template_filter ] --END-- [ RunTime:0.000158s ]
INFO: Run Behavior\ParseTemplateBehavior [ RunTime:0.011414s ]
INFO: [ view_parse ] --END-- [ RunTime:0.011454s ]
INFO: [ view_filter ] --START--
INFO: Run Behavior\WriteHtmlCacheBehavior [ RunTime:0.000037s ]
INFO: Run Behavior\TokenBuildBehavior [ RunTime:0.000058s ]
INFO: [ view_filter ] --END-- [ RunTime:0.000151s ]
INFO: [ app_end ] --START--
INFO: Run Behavior\ShowPageTraceBehavior [ RunTime:0.000044s ]
INFO: [ app_end ] --END-- [ RunTime:0.000083s ]

[ 2017-02-27T20:06:35+08:00 ] 72.79.57.172 /pc/index.php/Index/b2b2c.html
INFO: [ app_init ] --START--
INFO: Run Behavior\BuildLiteBehavior [ RunTime:0.000011s ]
INFO: [ app_init ] --END-- [ RunTime:0.000060s ]
INFO: [ app_begin ] --START--
INFO: Run Behavior\ReadHtmlCacheBehavior [ RunTime:0.000038s ]
INFO: [ app_begin ] --END-- [ RunTime:0.000076s ]
SQL: SHOW COLUMNS FROM `ea_system_config` [ RunTime:0.000564s ]
SQL: SELECT * FROM `ea_system_config` LIMIT 1   [ RunTime:0.000107s ]
INFO: [ view_parse ] --START--
INFO: [ template_filter ] --START--
INFO: Run Behavior\ContentReplaceBehavior [ RunTime:0.000185s ]
INFO: [ template_filter ] --END-- [ RunTime:0.000231s ]
INFO: Run Behavior\ParseTemplateBehavior [ RunTime:0.011555s ]
INFO: [ view_parse ] --END-- [ RunTime:0.011597s ]
INFO: [ view_filter ] --START--
INFO: Run Behavior\WriteHtmlCacheBehavior [ RunTime:0.000041s ]
INFO: Run Behavior\TokenBuildBehavior [ RunTime:0.000089s ]
INFO: [ view_filter ] --END-- [ RunTime:0.000177s ]
INFO: [ app_end ] --START--
INFO: Run Behavior\ShowPageTraceBehavior [ RunTime:0.000052s ]
INFO: [ app_end ] --END-- [ RunTime:0.000105s ]

[ 2017-02-27T20:06:37+08:00 ] 72.79.57.172 /pc/index.php
INFO: [ app_init ] --START--
INFO: Run Behavior\BuildLiteBehavior [ RunTime:0.000012s ]
INFO: [ app_init ] --END-- [ RunTime:0.000061s ]
INFO: [ app_begin ] --START--
INFO: Run Behavior\ReadHtmlCacheBehavior [ RunTime:0.000046s ]
INFO: [ app_begin ] --END-- [ RunTime:0.000096s ]
SQL: SHOW COLUMNS FROM `ea_system_config` [ RunTime:0.000584s ]
SQL: SELECT * FROM `ea_system_config` LIMIT 1   [ RunTime:0.000120s ]
SQL: SHOW COLUMNS FROM `ea_ad` [ RunTime:0.000401s ]
SQL: SELECT * FROM `ea_ad` WHERE ( `ad_code` = 'INDEX_BANNER' )  [ RunTime:0.000130s ]
SQL: SELECT * FROM `ea_ad` WHERE ( `ad_code` = 'INDEX_UL1' ) LIMIT 1   [ RunTime:0.000077s ]
SQL: SELECT * FROM `ea_ad` WHERE ( `ad_code` = 'INDEX_UL2' ) LIMIT 1   [ RunTime:0.000071s ]
SQL: SELECT * FROM `ea_ad` WHERE ( `ad_code` = 'INDEX_UL3' ) LIMIT 1   [ RunTime:0.000068s ]
INFO: [ view_parse ] --START--
INFO: [ template_filter ] --START--
INFO: Run Behavior\ContentReplaceBehavior [ RunTime:0.000112s ]
INFO: [ template_filter ] --END-- [ RunTime:0.000153s ]
INFO: Run Behavior\ParseTemplateBehavior [ RunTime:0.011423s ]
INFO: [ view_parse ] --END-- [ RunTime:0.011466s ]
INFO: [ view_filter ] --START--
INFO: Run Behavior\WriteHtmlCacheBehavior [ RunTime:0.000040s ]
INFO: Run Behavior\TokenBuildBehavior [ RunTime:0.000036s ]
INFO: [ view_filter ] --END-- [ RunTime:0.000117s ]
INFO: [ app_end ] --START--
INFO: Run Behavior\ShowPageTraceBehavior [ RunTime:0.000047s ]
INFO: [ app_end ] --END-- [ RunTime:0.000087s ]

[ 2017-02-27T20:06:39+08:00 ] 72.79.57.172 /pc/index.php/Index/cooperation.html
INFO: [ app_init ] --START--
INFO: Run Behavior\BuildLiteBehavior [ RunTime:0.000025s ]
INFO: [ app_init ] --END-- [ RunTime:0.000073s ]
INFO: [ app_begin ] --START--
INFO: Run Behavior\ReadHtmlCacheBehavior [ RunTime:0.000037s ]
INFO: [ app_begin ] --END-- [ RunTime:0.000072s ]
SQL: SHOW COLUMNS FROM `ea_system_config` [ RunTime:0.000591s ]
SQL: SELECT * FROM `ea_system_config` LIMIT 1   [ RunTime:0.000101s ]
INFO: [ view_parse ] --START--
INFO: [ template_filter ] --START--
INFO: Run Behavior\ContentReplaceBehavior [ RunTime:0.000101s ]
INFO: [ template_filter ] --END-- [ RunTime:0.000142s ]
INFO: Run Behavior\ParseTemplateBehavior [ RunTime:0.007187s ]
INFO: [ view_parse ] --END-- [ RunTime:0.007232s ]
INFO: [ view_filter ] --START--
INFO: Run Behavior\WriteHtmlCacheBehavior [ RunTime:0.000045s ]
INFO: Run Behavior\TokenBuildBehavior [ RunTime:0.000037s ]
INFO: [ view_filter ] --END-- [ RunTime:0.000127s ]
INFO: [ app_end ] --START--
INFO: Run Behavior\ShowPageTraceBehavior [ RunTime:0.000040s ]
INFO: [ app_end ] --END-- [ RunTime:0.000075s ]

[ 2017-02-27T20:06:40+08:00 ] 72.79.57.172 /pc/index.php/Index/aboutus.html
INFO: [ app_init ] --START--
INFO: Run Behavior\BuildLiteBehavior [ RunTime:0.000012s ]
INFO: [ app_init ] --END-- [ RunTime:0.000058s ]
INFO: [ app_begin ] --START--
INFO: Run Behavior\ReadHtmlCacheBehavior [ RunTime:0.000039s ]
INFO: [ app_begin ] --END-- [ RunTime:0.000090s ]
SQL: SHOW COLUMNS FROM `ea_system_config` [ RunTime:0.000528s ]
SQL: SELECT * FROM `ea_system_config` LIMIT 1   [ RunTime:0.000128s ]
INFO: [ view_parse ] --START--
INFO: [ template_filter ] --START--
INFO: Run Behavior\ContentReplaceBehavior [ RunTime:0.000126s ]
INFO: [ template_filter ] --END-- [ RunTime:0.000167s ]
INFO: Run Behavior\ParseTemplateBehavior [ RunTime:0.010238s ]
INFO: [ view_parse ] --END-- [ RunTime:0.010282s ]
INFO: [ view_filter ] --START--
INFO: Run Behavior\WriteHtmlCacheBehavior [ RunTime:0.000037s ]
INFO: Run Behavior\TokenBuildBehavior [ RunTime:0.000039s ]
INFO: [ view_filter ] --END-- [ RunTime:0.000119s ]
INFO: [ app_end ] --START--
INFO: Run Behavior\ShowPageTraceBehavior [ RunTime:0.000044s ]
INFO: [ app_end ] --END-- [ RunTime:0.000082s ]

[ 2017-02-27T20:06:42+08:00 ] 72.79.57.172 /pc/wap.php
INFO: [ app_init ] --START--
INFO: Run Behavior\BuildLiteBehavior [ RunTime:0.000013s ]
INFO: [ app_init ] --END-- [ RunTime:0.000077s ]
NOTIC: [8] Constant MODULE_NAME already defined /data/wwwroot/default/pc/ThinkPHP/Library/Think/Dispatcher.class.php 第 135 行.
NOTIC: [8] Constant CONTROLLER_NAME already defined /data/wwwroot/default/pc/ThinkPHP/Library/Think/Dispatcher.class.php 第 223 行.
INFO: [ app_begin ] --START--
INFO: Run Behavior\ReadHtmlCacheBehavior [ RunTime:0.000038s ]
INFO: [ app_begin ] --END-- [ RunTime:0.000080s ]
SQL: SHOW COLUMNS FROM `ea_system_config` [ RunTime:0.000600s ]
SQL: SELECT * FROM `ea_system_config` LIMIT 1   [ RunTime:0.000129s ]
INFO: [ view_parse ] --START--
INFO: [ template_filter ] --START--
INFO: Run Behavior\ContentReplaceBehavior [ RunTime:0.000074s ]
INFO: [ template_filter ] --END-- [ RunTime:0.000119s ]
NOTIC: [8] Undefined index: aft_phone /data/wwwroot/default/pc/App/Runtime/Cache/Home/c720a402649bcecfdc3e7b78a24ebacd.php 第 127 行.
INFO: Run Behavior\ParseTemplateBehavior [ RunTime:0.004207s ]
INFO: [ view_parse ] --END-- [ RunTime:0.004244s ]
INFO: [ view_filter ] --START--
INFO: Run Behavior\WriteHtmlCacheBehavior [ RunTime:0.000036s ]
INFO: Run Behavior\TokenBuildBehavior [ RunTime:0.000046s ]
INFO: [ view_filter ] --END-- [ RunTime:0.000134s ]
INFO: [ app_end ] --START--
INFO: Run Behavior\ShowPageTraceBehavior [ RunTime:0.000055s ]
INFO: [ app_end ] --END-- [ RunTime:0.000087s ]

[ 2017-02-27T20:06:43+08:00 ] 72.79.57.172 /pc/wap.php/Wap/about.html
INFO: [ app_init ] --START--
INFO: Run Behavior\BuildLiteBehavior [ RunTime:0.000017s ]
INFO: [ app_init ] --END-- [ RunTime:0.000156s ]
NOTIC: [8] Constant MODULE_NAME already defined /data/wwwroot/default/pc/ThinkPHP/Library/Think/Dispatcher.class.php 第 135 行.
NOTIC: [8] Constant CONTROLLER_NAME already defined /data/wwwroot/default/pc/ThinkPHP/Library/Think/Dispatcher.class.php 第 223 行.
INFO: [ app_begin ] --START--
INFO: Run Behavior\ReadHtmlCacheBehavior [ RunTime:0.000037s ]
INFO: [ app_begin ] --END-- [ RunTime:0.000071s ]
SQL: SHOW COLUMNS FROM `ea_system_config` [ RunTime:0.000686s ]
SQL: SELECT * FROM `ea_system_config` LIMIT 1   [ RunTime:0.000130s ]
INFO: [ view_parse ] --START--
INFO: [ template_filter ] --START--
INFO: Run Behavior\ContentReplaceBehavior [ RunTime:0.000063s ]
INFO: [ template_filter ] --END-- [ RunTime:0.000104s ]
NOTIC: [8] Undefined index: aft_phone /data/wwwroot/default/pc/App/Runtime/Cache/Home/7126c8a6f65949a776784604894edf6f.php 第 122 行.
INFO: Run Behavior\ParseTemplateBehavior [ RunTime:0.003754s ]
INFO: [ view_parse ] --END-- [ RunTime:0.003808s ]
INFO: [ view_filter ] --START--
INFO: Run Behavior\WriteHtmlCacheBehavior [ RunTime:0.000035s ]
INFO: Run Behavior\TokenBuildBehavior [ RunTime:0.000028s ]
INFO: [ view_filter ] --END-- [ RunTime:0.000104s ]
INFO: [ app_end ] --START--
INFO: Run Behavior\ShowPageTraceBehavior [ RunTime:0.000033s ]
INFO: [ app_end ] --END-- [ RunTime:0.000074s ]

[ 2017-02-27T20:06:50+08:00 ] 72.79.57.172 /pc/index.php/Index/b2b2c.html
INFO: [ app_init ] --START--
INFO: Run Behavior\BuildLiteBehavior [ RunTime:0.000013s ]
INFO: [ app_init ] --END-- [ RunTime:0.000061s ]
INFO: [ app_begin ] --START--
INFO: Run Behavior\ReadHtmlCacheBehavior [ RunTime:0.000037s ]
INFO: [ app_begin ] --END-- [ RunTime:0.000076s ]
SQL: SHOW COLUMNS FROM `ea_system_config` [ RunTime:0.000589s ]
SQL: SELECT * FROM `ea_system_config` LIMIT 1   [ RunTime:0.000103s ]
INFO: [ view_parse ] --START--
INFO: [ template_filter ] --START--
INFO: Run Behavior\ContentReplaceBehavior [ RunTime:0.000158s ]
INFO: [ template_filter ] --END-- [ RunTime:0.000214s ]
INFO: Run Behavior\ParseTemplateBehavior [ RunTime:0.010666s ]
INFO: [ view_parse ] --END-- [ RunTime:0.010715s ]
INFO: [ view_filter ] --START--
INFO: Run Behavior\WriteHtmlCacheBehavior [ RunTime:0.000038s ]
INFO: Run Behavior\TokenBuildBehavior [ RunTime:0.000045s ]
INFO: [ view_filter ] --END-- [ RunTime:0.000129s ]
INFO: [ app_end ] --START--
INFO: Run Behavior\ShowPageTraceBehavior [ RunTime:0.000046s ]
INFO: [ app_end ] --END-- [ RunTime:0.000096s ]

[ 2017-02-27T20:06:51+08:00 ] 72.79.57.172 /pc/wap.php/Wap/apply.html
INFO: [ app_init ] --START--
INFO: Run Behavior\BuildLiteBehavior [ RunTime:0.000012s ]
INFO: [ app_init ] --END-- [ RunTime:0.000074s ]
NOTIC: [8] Constant MODULE_NAME already defined /data/wwwroot/default/pc/ThinkPHP/Library/Think/Dispatcher.class.php 第 135 行.
NOTIC: [8] Constant CONTROLLER_NAME already defined /data/wwwroot/default/pc/ThinkPHP/Library/Think/Dispatcher.class.php 第 223 行.
INFO: [ app_begin ] --START--
INFO: Run Behavior\ReadHtmlCacheBehavior [ RunTime:0.000038s ]
INFO: [ app_begin ] --END-- [ RunTime:0.000073s ]
SQL: SHOW COLUMNS FROM `ea_system_config` [ RunTime:0.000558s ]
SQL: SELECT * FROM `ea_system_config` LIMIT 1   [ RunTime:0.000104s ]
INFO: [ view_parse ] --START--
INFO: [ template_filter ] --START--
INFO: Run Behavior\ContentReplaceBehavior [ RunTime:0.000091s ]
INFO: [ template_filter ] --END-- [ RunTime:0.000133s ]
NOTIC: [8] Undefined index: aft_phone /data/wwwroot/default/pc/App/Runtime/Cache/Home/9d6a20d03758855e303c68daedcee33f.php 第 306 行.
INFO: Run Behavior\ParseTemplateBehavior [ RunTime:0.004650s ]
INFO: [ view_parse ] --END-- [ RunTime:0.004689s ]
INFO: [ view_filter ] --START--
INFO: Run Behavior\WriteHtmlCacheBehavior [ RunTime:0.000038s ]
INFO: Run Behavior\TokenBuildBehavior [ RunTime:0.000033s ]
INFO: [ view_filter ] --END-- [ RunTime:0.000112s ]
INFO: [ app_end ] --START--
INFO: Run Behavior\ShowPageTraceBehavior [ RunTime:0.000056s ]
INFO: [ app_end ] --END-- [ RunTime:0.000104s ]

[ 2017-02-27T20:06:53+08:00 ] 72.79.57.172 /pc/index.php
INFO: [ app_init ] --START--
INFO: Run Behavior\BuildLiteBehavior [ RunTime:0.000012s ]
INFO: [ app_init ] --END-- [ RunTime:0.000076s ]
INFO: [ app_begin ] --START--
INFO: Run Behavior\ReadHtmlCacheBehavior [ RunTime:0.000039s ]
INFO: [ app_begin ] --END-- [ RunTime:0.000101s ]
SQL: SHOW COLUMNS FROM `ea_system_config` [ RunTime:0.000543s ]
SQL: SELECT * FROM `ea_system_config` LIMIT 1   [ RunTime:0.000114s ]
SQL: SHOW COLUMNS FROM `ea_ad` [ RunTime:0.000354s ]
SQL: SELECT * FROM `ea_ad` WHERE ( `ad_code` = 'INDEX_BANNER' )  [ RunTime:0.000150s ]
SQL: SELECT * FROM `ea_ad` WHERE ( `ad_code` = 'INDEX_UL1' ) LIMIT 1   [ RunTime:0.000076s ]
SQL: SELECT * FROM `ea_ad` WHERE ( `ad_code` = 'INDEX_UL2' ) LIMIT 1   [ RunTime:0.000071s ]
SQL: SELECT * FROM `ea_ad` WHERE ( `ad_code` = 'INDEX_UL3' ) LIMIT 1   [ RunTime:0.000068s ]
INFO: [ view_parse ] --START--
INFO: [ template_filter ] --START--
INFO: Run Behavior\ContentReplaceBehavior [ RunTime:0.000147s ]
INFO: [ template_filter ] --END-- [ RunTime:0.000213s ]
INFO: Run Behavior\ParseTemplateBehavior [ RunTime:0.012033s ]
INFO: [ view_parse ] --END-- [ RunTime:0.012077s ]
INFO: [ view_filter ] --START--
INFO: Run Behavior\WriteHtmlCacheBehavior [ RunTime:0.000051s ]
INFO: Run Behavior\TokenBuildBehavior [ RunTime:0.000045s ]
INFO: [ view_filter ] --END-- [ RunTime:0.000168s ]
INFO: [ app_end ] --START--
INFO: Run Behavior\ShowPageTraceBehavior [ RunTime:0.000084s ]
INFO: [ app_end ] --END-- [ RunTime:0.000125s ]

[ 2017-02-27T20:06:54+08:00 ] 72.79.57.172 /pc/index.php
INFO: [ app_init ] --START--
INFO: Run Behavior\BuildLiteBehavior [ RunTime:0.000017s ]
INFO: [ app_init ] --END-- [ RunTime:0.000082s ]
INFO: [ app_begin ] --START--
INFO: Run Behavior\ReadHtmlCacheBehavior [ RunTime:0.000036s ]
INFO: [ app_begin ] --END-- [ RunTime:0.000069s ]
SQL: SHOW COLUMNS FROM `ea_system_config` [ RunTime:0.000618s ]
SQL: SELECT * FROM `ea_system_config` LIMIT 1   [ RunTime:0.000103s ]
SQL: SHOW COLUMNS FROM `ea_ad` [ RunTime:0.000401s ]
SQL: SELECT * FROM `ea_ad` WHERE ( `ad_code` = 'INDEX_BANNER' )  [ RunTime:0.000102s ]
SQL: SELECT * FROM `ea_ad` WHERE ( `ad_code` = 'INDEX_UL1' ) LIMIT 1   [ RunTime:0.000073s ]
SQL: SELECT * FROM `ea_ad` WHERE ( `ad_code` = 'INDEX_UL2' ) LIMIT 1   [ RunTime:0.000075s ]
SQL: SELECT * FROM `ea_ad` WHERE ( `ad_code` = 'INDEX_UL3' ) LIMIT 1   [ RunTime:0.000085s ]
INFO: [ view_parse ] --START--
INFO: [ template_filter ] --START--
INFO: Run Behavior\ContentReplaceBehavior [ RunTime:0.000114s ]
INFO: [ template_filter ] --END-- [ RunTime:0.000164s ]
INFO: Run Behavior\ParseTemplateBehavior [ RunTime:0.012053s ]
INFO: [ view_parse ] --END-- [ RunTime:0.012098s ]
INFO: [ view_filter ] --START--
INFO: Run Behavior\WriteHtmlCacheBehavior [ RunTime:0.000054s ]
INFO: Run Behavior\TokenBuildBehavior [ RunTime:0.000079s ]
INFO: [ view_filter ] --END-- [ RunTime:0.000199s ]
INFO: [ app_end ] --START--
INFO: Run Behavior\ShowPageTraceBehavior [ RunTime:0.000045s ]
INFO: [ app_end ] --END-- [ RunTime:0.000085s ]

[ 2017-02-27T21:33:02+08:00 ] 123.125.71.16 /pc/index.php
INFO: [ app_init ] --START--
INFO: Run Behavior\BuildLiteBehavior [ RunTime:0.000013s ]
INFO: [ app_init ] --END-- [ RunTime:0.000064s ]
INFO: [ app_begin ] --START--
INFO: Run Behavior\ReadHtmlCacheBehavior [ RunTime:0.000044s ]
INFO: [ app_begin ] --END-- [ RunTime:0.000114s ]
SQL: SHOW COLUMNS FROM `ea_system_config` [ RunTime:0.000622s ]
SQL: SELECT * FROM `ea_system_config` LIMIT 1   [ RunTime:0.000104s ]
SQL: SHOW COLUMNS FROM `ea_ad` [ RunTime:0.000408s ]
SQL: SELECT * FROM `ea_ad` WHERE ( `ad_code` = 'INDEX_BANNER' )  [ RunTime:0.000082s ]
SQL: SELECT * FROM `ea_ad` WHERE ( `ad_code` = 'INDEX_UL1' ) LIMIT 1   [ RunTime:0.000083s ]
SQL: SELECT * FROM `ea_ad` WHERE ( `ad_code` = 'INDEX_UL2' ) LIMIT 1   [ RunTime:0.000071s ]
SQL: SELECT * FROM `ea_ad` WHERE ( `ad_code` = 'INDEX_UL3' ) LIMIT 1   [ RunTime:0.000088s ]
INFO: [ view_parse ] --START--
INFO: [ template_filter ] --START--
INFO: Run Behavior\ContentReplaceBehavior [ RunTime:0.000110s ]
INFO: [ template_filter ] --END-- [ RunTime:0.000152s ]
INFO: Run Behavior\ParseTemplateBehavior [ RunTime:0.011660s ]
INFO: [ view_parse ] --END-- [ RunTime:0.011703s ]
INFO: [ view_filter ] --START--
INFO: Run Behavior\WriteHtmlCacheBehavior [ RunTime:0.000043s ]
INFO: Run Behavior\TokenBuildBehavior [ RunTime:0.000040s ]
INFO: [ view_filter ] --END-- [ RunTime:0.000127s ]
INFO: [ app_end ] --START--
INFO: Run Behavior\ShowPageTraceBehavior [ RunTime:0.000050s ]
INFO: [ app_end ] --END-- [ RunTime:0.000090s ]

