[ 2017-03-17T00:11:51+08:00 ] 203.208.60.234 /pc/wap.php/Wap/distribution.html
INFO: [ app_init ] --START--
INFO: Run Behavior\BuildLiteBehavior [ RunTime:0.000012s ]
INFO: [ app_init ] --END-- [ RunTime:0.000069s ]
NOTIC: [8] Constant MODULE_NAME already defined /data/wwwroot/default/pc/ThinkPHP/Library/Think/Dispatcher.class.php 第 135 行.
NOTIC: [8] Constant CONTROLLER_NAME already defined /data/wwwroot/default/pc/ThinkPHP/Library/Think/Dispatcher.class.php 第 223 行.
INFO: [ app_begin ] --START--
INFO: Run Behavior\ReadHtmlCacheBehavior [ RunTime:0.000041s ]
INFO: [ app_begin ] --END-- [ RunTime:0.000074s ]
SQL: SHOW COLUMNS FROM `ea_system_config` [ RunTime:0.000557s ]
SQL: SELECT * FROM `ea_system_config` LIMIT 1   [ RunTime:0.000101s ]
INFO: [ view_parse ] --START--
INFO: [ template_filter ] --START--
INFO: Run Behavior\ContentReplaceBehavior [ RunTime:0.000083s ]
INFO: [ template_filter ] --END-- [ RunTime:0.000123s ]
NOTIC: [8] Undefined index: aft_phone /data/wwwroot/default/pc/App/Runtime/Cache/Home/2b4d9221db5bae32fdadd60cedf1c948.php 第 266 行.
INFO: Run Behavior\ParseTemplateBehavior [ RunTime:0.005170s ]
INFO: [ view_parse ] --END-- [ RunTime:0.005209s ]
INFO: [ view_filter ] --START--
INFO: Run Behavior\WriteHtmlCacheBehavior [ RunTime:0.000041s ]
INFO: Run Behavior\TokenBuildBehavior [ RunTime:0.000034s ]
INFO: [ view_filter ] --END-- [ RunTime:0.000117s ]
INFO: [ app_end ] --START--
INFO: Run Behavior\ShowPageTraceBehavior [ RunTime:0.000043s ]
INFO: [ app_end ] --END-- [ RunTime:0.000104s ]

[ 2017-03-17T05:39:35+08:00 ] 220.181.108.76 /pc/index.php
INFO: [ app_init ] --START--
INFO: Run Behavior\BuildLiteBehavior [ RunTime:0.000018s ]
INFO: [ app_init ] --END-- [ RunTime:0.000100s ]
INFO: [ app_begin ] --START--
INFO: Run Behavior\ReadHtmlCacheBehavior [ RunTime:0.000773s ]
INFO: [ app_begin ] --END-- [ RunTime:0.000825s ]
SQL: SHOW COLUMNS FROM `ea_system_config` [ RunTime:0.000616s ]
SQL: SELECT * FROM `ea_system_config` LIMIT 1   [ RunTime:0.000102s ]
SQL: SHOW COLUMNS FROM `ea_ad` [ RunTime:0.000390s ]
SQL: SELECT * FROM `ea_ad` WHERE ( `ad_code` = 'INDEX_BANNER' )  [ RunTime:0.000079s ]
SQL: SELECT * FROM `ea_ad` WHERE ( `ad_code` = 'INDEX_UL1' ) LIMIT 1   [ RunTime:0.000093s ]
SQL: SELECT * FROM `ea_ad` WHERE ( `ad_code` = 'INDEX_UL2' ) LIMIT 1   [ RunTime:0.000090s ]
SQL: SELECT * FROM `ea_ad` WHERE ( `ad_code` = 'INDEX_UL3' ) LIMIT 1   [ RunTime:0.000067s ]
INFO: [ view_parse ] --START--
INFO: [ template_filter ] --START--
INFO: Run Behavior\ContentReplaceBehavior [ RunTime:0.000132s ]
INFO: [ template_filter ] --END-- [ RunTime:0.000176s ]
INFO: Run Behavior\ParseTemplateBehavior [ RunTime:0.017187s ]
INFO: [ view_parse ] --END-- [ RunTime:0.017237s ]
INFO: [ view_filter ] --START--
INFO: Run Behavior\WriteHtmlCacheBehavior [ RunTime:0.000251s ]
INFO: Run Behavior\TokenBuildBehavior [ RunTime:0.000356s ]
INFO: [ view_filter ] --END-- [ RunTime:0.000669s ]
INFO: [ app_end ] --START--
INFO: Run Behavior\ShowPageTraceBehavior [ RunTime:0.000759s ]
INFO: [ app_end ] --END-- [ RunTime:0.000806s ]

[ 2017-03-17T07:21:03+08:00 ] 203.208.60.234 /pc/wap.php/Wap/js/touch.js
INFO: [ app_init ] --START--
INFO: Run Behavior\BuildLiteBehavior [ RunTime:0.000014s ]
INFO: [ app_init ] --END-- [ RunTime:0.000076s ]
NOTIC: [8] Constant MODULE_NAME already defined /data/wwwroot/default/pc/ThinkPHP/Library/Think/Dispatcher.class.php 第 135 行.
NOTIC: [8] Constant CONTROLLER_NAME already defined /data/wwwroot/default/pc/ThinkPHP/Library/Think/Dispatcher.class.php 第 223 行.
INFO: [ app_begin ] --START--
INFO: Run Behavior\ReadHtmlCacheBehavior [ RunTime:0.000050s ]
INFO: [ app_begin ] --END-- [ RunTime:0.000084s ]
SQL: SHOW COLUMNS FROM `ea_system_config` [ RunTime:0.000532s ]
SQL: SELECT * FROM `ea_system_config` LIMIT 1   [ RunTime:0.000133s ]
ERR: 非法操作:js

[ 2017-03-17T07:21:04+08:00 ] 203.208.60.234 /pc/wap.php/Wap/css/animations.css
INFO: [ app_init ] --START--
INFO: Run Behavior\BuildLiteBehavior [ RunTime:0.000013s ]
INFO: [ app_init ] --END-- [ RunTime:0.000067s ]
NOTIC: [8] Constant MODULE_NAME already defined /data/wwwroot/default/pc/ThinkPHP/Library/Think/Dispatcher.class.php 第 135 行.
NOTIC: [8] Constant CONTROLLER_NAME already defined /data/wwwroot/default/pc/ThinkPHP/Library/Think/Dispatcher.class.php 第 223 行.
INFO: [ app_begin ] --START--
INFO: Run Behavior\ReadHtmlCacheBehavior [ RunTime:0.000035s ]
INFO: [ app_begin ] --END-- [ RunTime:0.000069s ]
SQL: SHOW COLUMNS FROM `ea_system_config` [ RunTime:0.000550s ]
SQL: SELECT * FROM `ea_system_config` LIMIT 1   [ RunTime:0.000099s ]
ERR: 非法操作:css

[ 2017-03-17T07:21:05+08:00 ] 203.208.60.234 /pc/wap.php/Wap/css/distribution.css
INFO: [ app_init ] --START--
INFO: Run Behavior\BuildLiteBehavior [ RunTime:0.000038s ]
INFO: [ app_init ] --END-- [ RunTime:0.000118s ]
NOTIC: [8] Constant MODULE_NAME already defined /data/wwwroot/default/pc/ThinkPHP/Library/Think/Dispatcher.class.php 第 135 行.
NOTIC: [8] Constant CONTROLLER_NAME already defined /data/wwwroot/default/pc/ThinkPHP/Library/Think/Dispatcher.class.php 第 223 行.
INFO: [ app_begin ] --START--
INFO: Run Behavior\ReadHtmlCacheBehavior [ RunTime:0.000045s ]
INFO: [ app_begin ] --END-- [ RunTime:0.000078s ]
SQL: SHOW COLUMNS FROM `ea_system_config` [ RunTime:0.000543s ]
SQL: SELECT * FROM `ea_system_config` LIMIT 1   [ RunTime:0.000100s ]
ERR: 非法操作:css

[ 2017-03-17T07:21:05+08:00 ] 203.208.60.234 /pc/wap.php/Wap/js/zepto.min.js
INFO: [ app_init ] --START--
INFO: Run Behavior\BuildLiteBehavior [ RunTime:0.000013s ]
INFO: [ app_init ] --END-- [ RunTime:0.000072s ]
NOTIC: [8] Constant MODULE_NAME already defined /data/wwwroot/default/pc/ThinkPHP/Library/Think/Dispatcher.class.php 第 135 行.
NOTIC: [8] Constant CONTROLLER_NAME already defined /data/wwwroot/default/pc/ThinkPHP/Library/Think/Dispatcher.class.php 第 223 行.
INFO: [ app_begin ] --START--
INFO: Run Behavior\ReadHtmlCacheBehavior [ RunTime:0.000037s ]
INFO: [ app_begin ] --END-- [ RunTime:0.000072s ]
SQL: SHOW COLUMNS FROM `ea_system_config` [ RunTime:0.000578s ]
SQL: SELECT * FROM `ea_system_config` LIMIT 1   [ RunTime:0.000146s ]
ERR: 非法操作:js

[ 2017-03-17T07:21:06+08:00 ] 203.208.60.234 /pc/wap.php/Wap/css/load_distribution.css
INFO: [ app_init ] --START--
INFO: Run Behavior\BuildLiteBehavior [ RunTime:0.000012s ]
INFO: [ app_init ] --END-- [ RunTime:0.000061s ]
NOTIC: [8] Constant MODULE_NAME already defined /data/wwwroot/default/pc/ThinkPHP/Library/Think/Dispatcher.class.php 第 135 行.
NOTIC: [8] Constant CONTROLLER_NAME already defined /data/wwwroot/default/pc/ThinkPHP/Library/Think/Dispatcher.class.php 第 223 行.
INFO: [ app_begin ] --START--
INFO: Run Behavior\ReadHtmlCacheBehavior [ RunTime:0.000034s ]
INFO: [ app_begin ] --END-- [ RunTime:0.000066s ]
SQL: SHOW COLUMNS FROM `ea_system_config` [ RunTime:0.000603s ]
SQL: SELECT * FROM `ea_system_config` LIMIT 1   [ RunTime:0.000098s ]
ERR: 非法操作:css

[ 2017-03-17T07:21:06+08:00 ] 203.208.60.234 /pc/wap.php/Wap/js/distribution.js
INFO: [ app_init ] --START--
INFO: Run Behavior\BuildLiteBehavior [ RunTime:0.000020s ]
INFO: [ app_init ] --END-- [ RunTime:0.000070s ]
NOTIC: [8] Constant MODULE_NAME already defined /data/wwwroot/default/pc/ThinkPHP/Library/Think/Dispatcher.class.php 第 135 行.
NOTIC: [8] Constant CONTROLLER_NAME already defined /data/wwwroot/default/pc/ThinkPHP/Library/Think/Dispatcher.class.php 第 223 行.
INFO: [ app_begin ] --START--
INFO: Run Behavior\ReadHtmlCacheBehavior [ RunTime:0.000035s ]
INFO: [ app_begin ] --END-- [ RunTime:0.000070s ]
SQL: SHOW COLUMNS FROM `ea_system_config` [ RunTime:0.000555s ]
SQL: SELECT * FROM `ea_system_config` LIMIT 1   [ RunTime:0.000130s ]
ERR: 非法操作:js

[ 2017-03-17T12:12:13+08:00 ] 45.120.243.254 /pc/index.php
INFO: [ app_init ] --START--
INFO: Run Behavior\BuildLiteBehavior [ RunTime:0.000027s ]
INFO: [ app_init ] --END-- [ RunTime:0.000117s ]
INFO: [ app_begin ] --START--
INFO: Run Behavior\ReadHtmlCacheBehavior [ RunTime:0.000052s ]
INFO: [ app_begin ] --END-- [ RunTime:0.000089s ]
SQL: SHOW COLUMNS FROM `ea_system_config` [ RunTime:0.000585s ]
SQL: SELECT * FROM `ea_system_config` LIMIT 1   [ RunTime:0.000130s ]
SQL: SHOW COLUMNS FROM `ea_ad` [ RunTime:0.000400s ]
SQL: SELECT * FROM `ea_ad` WHERE ( `ad_code` = 'INDEX_BANNER' )  [ RunTime:0.000093s ]
SQL: SELECT * FROM `ea_ad` WHERE ( `ad_code` = 'INDEX_UL1' ) LIMIT 1   [ RunTime:0.000077s ]
SQL: SELECT * FROM `ea_ad` WHERE ( `ad_code` = 'INDEX_UL2' ) LIMIT 1   [ RunTime:0.000074s ]
SQL: SELECT * FROM `ea_ad` WHERE ( `ad_code` = 'INDEX_UL3' ) LIMIT 1   [ RunTime:0.000066s ]
INFO: [ view_parse ] --START--
INFO: [ template_filter ] --START--
INFO: Run Behavior\ContentReplaceBehavior [ RunTime:0.000143s ]
INFO: [ template_filter ] --END-- [ RunTime:0.000237s ]
INFO: Run Behavior\ParseTemplateBehavior [ RunTime:0.012552s ]
INFO: [ view_parse ] --END-- [ RunTime:0.012607s ]
INFO: [ view_filter ] --START--
INFO: Run Behavior\WriteHtmlCacheBehavior [ RunTime:0.000094s ]
INFO: Run Behavior\TokenBuildBehavior [ RunTime:0.000052s ]
INFO: [ view_filter ] --END-- [ RunTime:0.000211s ]
INFO: [ app_end ] --START--
INFO: Run Behavior\ShowPageTraceBehavior [ RunTime:0.000058s ]
INFO: [ app_end ] --END-- [ RunTime:0.000098s ]

[ 2017-03-17T13:09:22+08:00 ] 220.181.108.176 /pc/index.php
INFO: [ app_init ] --START--
INFO: Run Behavior\BuildLiteBehavior [ RunTime:0.000012s ]
INFO: [ app_init ] --END-- [ RunTime:0.000092s ]
INFO: [ app_begin ] --START--
INFO: Run Behavior\ReadHtmlCacheBehavior [ RunTime:0.000054s ]
INFO: [ app_begin ] --END-- [ RunTime:0.000090s ]
SQL: SHOW COLUMNS FROM `ea_system_config` [ RunTime:0.000583s ]
SQL: SELECT * FROM `ea_system_config` LIMIT 1   [ RunTime:0.000100s ]
SQL: SHOW COLUMNS FROM `ea_ad` [ RunTime:0.000369s ]
SQL: SELECT * FROM `ea_ad` WHERE ( `ad_code` = 'INDEX_BANNER' )  [ RunTime:0.000079s ]
SQL: SELECT * FROM `ea_ad` WHERE ( `ad_code` = 'INDEX_UL1' ) LIMIT 1   [ RunTime:0.000073s ]
SQL: SELECT * FROM `ea_ad` WHERE ( `ad_code` = 'INDEX_UL2' ) LIMIT 1   [ RunTime:0.000071s ]
SQL: SELECT * FROM `ea_ad` WHERE ( `ad_code` = 'INDEX_UL3' ) LIMIT 1   [ RunTime:0.000072s ]
INFO: [ view_parse ] --START--
INFO: [ template_filter ] --START--
INFO: Run Behavior\ContentReplaceBehavior [ RunTime:0.000118s ]
INFO: [ template_filter ] --END-- [ RunTime:0.000161s ]
INFO: Run Behavior\ParseTemplateBehavior [ RunTime:0.011061s ]
INFO: [ view_parse ] --END-- [ RunTime:0.011103s ]
INFO: [ view_filter ] --START--
INFO: Run Behavior\WriteHtmlCacheBehavior [ RunTime:0.000043s ]
INFO: Run Behavior\TokenBuildBehavior [ RunTime:0.000067s ]
INFO: [ view_filter ] --END-- [ RunTime:0.000155s ]
INFO: [ app_end ] --START--
INFO: Run Behavior\ShowPageTraceBehavior [ RunTime:0.000060s ]
INFO: [ app_end ] --END-- [ RunTime:0.000104s ]

[ 2017-03-17T14:28:17+08:00 ] 203.208.60.235 /pc/index.php/Index/solution-list.html
INFO: [ app_init ] --START--
INFO: Run Behavior\BuildLiteBehavior [ RunTime:0.000013s ]
INFO: [ app_init ] --END-- [ RunTime:0.000080s ]
INFO: [ app_begin ] --START--
INFO: Run Behavior\ReadHtmlCacheBehavior [ RunTime:0.000045s ]
INFO: [ app_begin ] --END-- [ RunTime:0.000084s ]
SQL: SHOW COLUMNS FROM `ea_system_config` [ RunTime:0.000637s ]
SQL: SELECT * FROM `ea_system_config` LIMIT 1   [ RunTime:0.000184s ]
INFO: [ view_parse ] --START--
INFO: [ template_filter ] --START--
INFO: Run Behavior\ContentReplaceBehavior [ RunTime:0.000131s ]
INFO: [ template_filter ] --END-- [ RunTime:0.000178s ]
INFO: Run Behavior\ParseTemplateBehavior [ RunTime:0.010151s ]
INFO: [ view_parse ] --END-- [ RunTime:0.010196s ]
INFO: [ view_filter ] --START--
INFO: Run Behavior\WriteHtmlCacheBehavior [ RunTime:0.000047s ]
INFO: Run Behavior\TokenBuildBehavior [ RunTime:0.000046s ]
INFO: [ view_filter ] --END-- [ RunTime:0.000141s ]
INFO: [ app_end ] --START--
INFO: Run Behavior\ShowPageTraceBehavior [ RunTime:0.000051s ]
INFO: [ app_end ] --END-- [ RunTime:0.000093s ]

[ 2017-03-17T14:48:04+08:00 ] 123.125.67.206 /pc/wap.php
INFO: [ app_init ] --START--
INFO: Run Behavior\BuildLiteBehavior [ RunTime:0.000012s ]
INFO: [ app_init ] --END-- [ RunTime:0.000059s ]
NOTIC: [8] Constant MODULE_NAME already defined /data/wwwroot/default/pc/ThinkPHP/Library/Think/Dispatcher.class.php 第 135 行.
NOTIC: [8] Constant CONTROLLER_NAME already defined /data/wwwroot/default/pc/ThinkPHP/Library/Think/Dispatcher.class.php 第 223 行.
INFO: [ app_begin ] --START--
INFO: Run Behavior\ReadHtmlCacheBehavior [ RunTime:0.000046s ]
INFO: [ app_begin ] --END-- [ RunTime:0.000079s ]
SQL: SHOW COLUMNS FROM `ea_system_config` [ RunTime:0.000541s ]
SQL: SELECT * FROM `ea_system_config` LIMIT 1   [ RunTime:0.000134s ]
INFO: [ view_parse ] --START--
INFO: [ template_filter ] --START--
INFO: Run Behavior\ContentReplaceBehavior [ RunTime:0.000060s ]
INFO: [ template_filter ] --END-- [ RunTime:0.000099s ]
NOTIC: [8] Undefined index: aft_phone /data/wwwroot/default/pc/App/Runtime/Cache/Home/c720a402649bcecfdc3e7b78a24ebacd.php 第 127 行.
INFO: Run Behavior\ParseTemplateBehavior [ RunTime:0.004006s ]
INFO: [ view_parse ] --END-- [ RunTime:0.004046s ]
INFO: [ view_filter ] --START--
INFO: Run Behavior\WriteHtmlCacheBehavior [ RunTime:0.000040s ]
INFO: Run Behavior\TokenBuildBehavior [ RunTime:0.000035s ]
INFO: [ view_filter ] --END-- [ RunTime:0.000117s ]
INFO: [ app_end ] --START--
INFO: Run Behavior\ShowPageTraceBehavior [ RunTime:0.000041s ]
INFO: [ app_end ] --END-- [ RunTime:0.000073s ]

[ 2017-03-17T21:37:24+08:00 ] 61.135.190.221 /pc/index.php
INFO: [ app_init ] --START--
INFO: Run Behavior\BuildLiteBehavior [ RunTime:0.000013s ]
INFO: [ app_init ] --END-- [ RunTime:0.000060s ]
INFO: [ app_begin ] --START--
INFO: Run Behavior\ReadHtmlCacheBehavior [ RunTime:0.000042s ]
INFO: [ app_begin ] --END-- [ RunTime:0.000079s ]
SQL: SHOW COLUMNS FROM `ea_system_config` [ RunTime:0.000581s ]
SQL: SELECT * FROM `ea_system_config` LIMIT 1   [ RunTime:0.000107s ]
SQL: SHOW COLUMNS FROM `ea_ad` [ RunTime:0.000386s ]
SQL: SELECT * FROM `ea_ad` WHERE ( `ad_code` = 'INDEX_BANNER' )  [ RunTime:0.000084s ]
SQL: SELECT * FROM `ea_ad` WHERE ( `ad_code` = 'INDEX_UL1' ) LIMIT 1   [ RunTime:0.000072s ]
SQL: SELECT * FROM `ea_ad` WHERE ( `ad_code` = 'INDEX_UL2' ) LIMIT 1   [ RunTime:0.000097s ]
SQL: SELECT * FROM `ea_ad` WHERE ( `ad_code` = 'INDEX_UL3' ) LIMIT 1   [ RunTime:0.000072s ]
INFO: [ view_parse ] --START--
INFO: [ template_filter ] --START--
INFO: Run Behavior\ContentReplaceBehavior [ RunTime:0.000127s ]
INFO: [ template_filter ] --END-- [ RunTime:0.000174s ]
INFO: Run Behavior\ParseTemplateBehavior [ RunTime:0.012277s ]
INFO: [ view_parse ] --END-- [ RunTime:0.012336s ]
INFO: [ view_filter ] --START--
INFO: Run Behavior\WriteHtmlCacheBehavior [ RunTime:0.000067s ]
INFO: Run Behavior\TokenBuildBehavior [ RunTime:0.000045s ]
INFO: [ view_filter ] --END-- [ RunTime:0.000160s ]
INFO: [ app_end ] --START--
INFO: Run Behavior\ShowPageTraceBehavior [ RunTime:0.000067s ]
INFO: [ app_end ] --END-- [ RunTime:0.000114s ]

[ 2017-03-17T21:37:24+08:00 ] 61.135.190.103 /pc/wap.php
INFO: [ app_init ] --START--
INFO: Run Behavior\BuildLiteBehavior [ RunTime:0.000012s ]
INFO: [ app_init ] --END-- [ RunTime:0.000059s ]
NOTIC: [8] Constant MODULE_NAME already defined /data/wwwroot/default/pc/ThinkPHP/Library/Think/Dispatcher.class.php 第 135 行.
NOTIC: [8] Constant CONTROLLER_NAME already defined /data/wwwroot/default/pc/ThinkPHP/Library/Think/Dispatcher.class.php 第 223 行.
INFO: [ app_begin ] --START--
INFO: Run Behavior\ReadHtmlCacheBehavior [ RunTime:0.000038s ]
INFO: [ app_begin ] --END-- [ RunTime:0.000084s ]
SQL: SHOW COLUMNS FROM `ea_system_config` [ RunTime:0.000561s ]
SQL: SELECT * FROM `ea_system_config` LIMIT 1   [ RunTime:0.000112s ]
INFO: [ view_parse ] --START--
INFO: [ template_filter ] --START--
INFO: Run Behavior\ContentReplaceBehavior [ RunTime:0.000064s ]
INFO: [ template_filter ] --END-- [ RunTime:0.000104s ]
NOTIC: [8] Undefined index: aft_phone /data/wwwroot/default/pc/App/Runtime/Cache/Home/c720a402649bcecfdc3e7b78a24ebacd.php 第 127 行.
INFO: Run Behavior\ParseTemplateBehavior [ RunTime:0.004294s ]
INFO: [ view_parse ] --END-- [ RunTime:0.004333s ]
INFO: [ view_filter ] --START--
INFO: Run Behavior\WriteHtmlCacheBehavior [ RunTime:0.000036s ]
INFO: Run Behavior\TokenBuildBehavior [ RunTime:0.000031s ]
INFO: [ view_filter ] --END-- [ RunTime:0.000110s ]
INFO: [ app_end ] --START--
INFO: Run Behavior\ShowPageTraceBehavior [ RunTime:0.000042s ]
INFO: [ app_end ] --END-- [ RunTime:0.000083s ]

[ 2017-03-17T21:37:25+08:00 ] 61.135.190.105 /pc/index.php
INFO: [ app_init ] --START--
INFO: Run Behavior\BuildLiteBehavior [ RunTime:0.000019s ]
INFO: [ app_init ] --END-- [ RunTime:0.000120s ]
INFO: [ app_begin ] --START--
INFO: Run Behavior\ReadHtmlCacheBehavior [ RunTime:0.000048s ]
INFO: [ app_begin ] --END-- [ RunTime:0.000084s ]
SQL: SHOW COLUMNS FROM `ea_system_config` [ RunTime:0.000575s ]
SQL: SELECT * FROM `ea_system_config` LIMIT 1   [ RunTime:0.000109s ]
SQL: SHOW COLUMNS FROM `ea_ad` [ RunTime:0.000421s ]
SQL: SELECT * FROM `ea_ad` WHERE ( `ad_code` = 'INDEX_BANNER' )  [ RunTime:0.000082s ]
SQL: SELECT * FROM `ea_ad` WHERE ( `ad_code` = 'INDEX_UL1' ) LIMIT 1   [ RunTime:0.000073s ]
SQL: SELECT * FROM `ea_ad` WHERE ( `ad_code` = 'INDEX_UL2' ) LIMIT 1   [ RunTime:0.000076s ]
SQL: SELECT * FROM `ea_ad` WHERE ( `ad_code` = 'INDEX_UL3' ) LIMIT 1   [ RunTime:0.000101s ]
INFO: [ view_parse ] --START--
INFO: [ template_filter ] --START--
INFO: Run Behavior\ContentReplaceBehavior [ RunTime:0.000150s ]
INFO: [ template_filter ] --END-- [ RunTime:0.000197s ]
INFO: Run Behavior\ParseTemplateBehavior [ RunTime:0.011997s ]
INFO: [ view_parse ] --END-- [ RunTime:0.012056s ]
INFO: [ view_filter ] --START--
INFO: Run Behavior\WriteHtmlCacheBehavior [ RunTime:0.000043s ]
INFO: Run Behavior\TokenBuildBehavior [ RunTime:0.000036s ]
INFO: [ view_filter ] --END-- [ RunTime:0.000139s ]
INFO: [ app_end ] --START--
INFO: Run Behavior\ShowPageTraceBehavior [ RunTime:0.000053s ]
INFO: [ app_end ] --END-- [ RunTime:0.000093s ]

[ 2017-03-17T21:37:25+08:00 ] 61.135.190.104 /pc/index.php
INFO: [ app_init ] --START--
INFO: Run Behavior\BuildLiteBehavior [ RunTime:0.000012s ]
INFO: [ app_init ] --END-- [ RunTime:0.000077s ]
INFO: [ app_begin ] --START--
INFO: Run Behavior\ReadHtmlCacheBehavior [ RunTime:0.000051s ]
INFO: [ app_begin ] --END-- [ RunTime:0.000095s ]
SQL: SHOW COLUMNS FROM `ea_system_config` [ RunTime:0.000696s ]
SQL: SELECT * FROM `ea_system_config` LIMIT 1   [ RunTime:0.000118s ]
SQL: SHOW COLUMNS FROM `ea_ad` [ RunTime:0.000396s ]
SQL: SELECT * FROM `ea_ad` WHERE ( `ad_code` = 'INDEX_BANNER' )  [ RunTime:0.000092s ]
SQL: SELECT * FROM `ea_ad` WHERE ( `ad_code` = 'INDEX_UL1' ) LIMIT 1   [ RunTime:0.000087s ]
SQL: SELECT * FROM `ea_ad` WHERE ( `ad_code` = 'INDEX_UL2' ) LIMIT 1   [ RunTime:0.000099s ]
SQL: SELECT * FROM `ea_ad` WHERE ( `ad_code` = 'INDEX_UL3' ) LIMIT 1   [ RunTime:0.000072s ]
INFO: [ view_parse ] --START--
INFO: [ template_filter ] --START--
INFO: Run Behavior\ContentReplaceBehavior [ RunTime:0.000109s ]
INFO: [ template_filter ] --END-- [ RunTime:0.000152s ]
INFO: Run Behavior\ParseTemplateBehavior [ RunTime:0.011432s ]
INFO: [ view_parse ] --END-- [ RunTime:0.011488s ]
INFO: [ view_filter ] --START--
INFO: Run Behavior\WriteHtmlCacheBehavior [ RunTime:0.000040s ]
INFO: Run Behavior\TokenBuildBehavior [ RunTime:0.000036s ]
INFO: [ view_filter ] --END-- [ RunTime:0.000118s ]
INFO: [ app_end ] --START--
INFO: Run Behavior\ShowPageTraceBehavior [ RunTime:0.000049s ]
INFO: [ app_end ] --END-- [ RunTime:0.000102s ]

[ 2017-03-17T21:37:25+08:00 ] 61.135.190.222 /pc/wap.php
INFO: [ app_init ] --START--
INFO: Run Behavior\BuildLiteBehavior [ RunTime:0.000014s ]
INFO: [ app_init ] --END-- [ RunTime:0.000077s ]
NOTIC: [8] Constant MODULE_NAME already defined /data/wwwroot/default/pc/ThinkPHP/Library/Think/Dispatcher.class.php 第 135 行.
NOTIC: [8] Constant CONTROLLER_NAME already defined /data/wwwroot/default/pc/ThinkPHP/Library/Think/Dispatcher.class.php 第 223 行.
INFO: [ app_begin ] --START--
INFO: Run Behavior\ReadHtmlCacheBehavior [ RunTime:0.000037s ]
INFO: [ app_begin ] --END-- [ RunTime:0.000070s ]
SQL: SHOW COLUMNS FROM `ea_system_config` [ RunTime:0.000560s ]
SQL: SELECT * FROM `ea_system_config` LIMIT 1   [ RunTime:0.000105s ]
INFO: [ view_parse ] --START--
INFO: [ template_filter ] --START--
INFO: Run Behavior\ContentReplaceBehavior [ RunTime:0.000081s ]
INFO: [ template_filter ] --END-- [ RunTime:0.000128s ]
NOTIC: [8] Undefined index: aft_phone /data/wwwroot/default/pc/App/Runtime/Cache/Home/c720a402649bcecfdc3e7b78a24ebacd.php 第 127 行.
INFO: Run Behavior\ParseTemplateBehavior [ RunTime:0.005134s ]
INFO: [ view_parse ] --END-- [ RunTime:0.005175s ]
INFO: [ view_filter ] --START--
INFO: Run Behavior\WriteHtmlCacheBehavior [ RunTime:0.000039s ]
INFO: Run Behavior\TokenBuildBehavior [ RunTime:0.000030s ]
INFO: [ view_filter ] --END-- [ RunTime:0.000112s ]
INFO: [ app_end ] --START--
INFO: Run Behavior\ShowPageTraceBehavior [ RunTime:0.000058s ]
INFO: [ app_end ] --END-- [ RunTime:0.000131s ]

