[ 2017-03-27T02:17:37+08:00 ] 220.181.51.103 /pc/wap.php
INFO: [ app_init ] --START--
INFO: Run Behavior\BuildLiteBehavior [ RunTime:0.000014s ]
INFO: [ app_init ] --END-- [ RunTime:0.000071s ]
NOTIC: [8] Constant MODULE_NAME already defined /data/wwwroot/default/pc/ThinkPHP/Library/Think/Dispatcher.class.php 第 135 行.
NOTIC: [8] Constant CONTROLLER_NAME already defined /data/wwwroot/default/pc/ThinkPHP/Library/Think/Dispatcher.class.php 第 223 行.
INFO: [ app_begin ] --START--
INFO: Run Behavior\ReadHtmlCacheBehavior [ RunTime:0.000041s ]
INFO: [ app_begin ] --END-- [ RunTime:0.000073s ]
SQL: SHOW COLUMNS FROM `ea_system_config` [ RunTime:0.000516s ]
SQL: SELECT * FROM `ea_system_config` LIMIT 1   [ RunTime:0.000100s ]
INFO: [ view_parse ] --START--
INFO: [ template_filter ] --START--
INFO: Run Behavior\ContentReplaceBehavior [ RunTime:0.000064s ]
INFO: [ template_filter ] --END-- [ RunTime:0.000104s ]
NOTIC: [8] Undefined index: aft_phone /data/wwwroot/default/pc/App/Runtime/Cache/Home/c720a402649bcecfdc3e7b78a24ebacd.php 第 127 行.
INFO: Run Behavior\ParseTemplateBehavior [ RunTime:0.004150s ]
INFO: [ view_parse ] --END-- [ RunTime:0.004187s ]
INFO: [ view_filter ] --START--
INFO: Run Behavior\WriteHtmlCacheBehavior [ RunTime:0.000044s ]
INFO: Run Behavior\TokenBuildBehavior [ RunTime:0.000036s ]
INFO: [ view_filter ] --END-- [ RunTime:0.000124s ]
INFO: [ app_end ] --START--
INFO: Run Behavior\ShowPageTraceBehavior [ RunTime:0.000043s ]
INFO: [ app_end ] --END-- [ RunTime:0.000073s ]

[ 2017-03-27T05:54:48+08:00 ] 220.181.108.151 /pc/index.php
INFO: [ app_init ] --START--
INFO: Run Behavior\BuildLiteBehavior [ RunTime:0.000016s ]
INFO: [ app_init ] --END-- [ RunTime:0.000064s ]
INFO: [ app_begin ] --START--
INFO: Run Behavior\ReadHtmlCacheBehavior [ RunTime:0.000600s ]
INFO: [ app_begin ] --END-- [ RunTime:0.000645s ]
SQL: SHOW COLUMNS FROM `ea_system_config` [ RunTime:0.000552s ]
SQL: SELECT * FROM `ea_system_config` LIMIT 1   [ RunTime:0.000098s ]
SQL: SHOW COLUMNS FROM `ea_ad` [ RunTime:0.000389s ]
SQL: SELECT * FROM `ea_ad` WHERE ( `ad_code` = 'INDEX_BANNER' )  [ RunTime:0.000077s ]
SQL: SELECT * FROM `ea_ad` WHERE ( `ad_code` = 'INDEX_UL1' ) LIMIT 1   [ RunTime:0.000070s ]
SQL: SELECT * FROM `ea_ad` WHERE ( `ad_code` = 'INDEX_UL2' ) LIMIT 1   [ RunTime:0.000067s ]
SQL: SELECT * FROM `ea_ad` WHERE ( `ad_code` = 'INDEX_UL3' ) LIMIT 1   [ RunTime:0.000067s ]
INFO: [ view_parse ] --START--
INFO: [ template_filter ] --START--
INFO: Run Behavior\ContentReplaceBehavior [ RunTime:0.000153s ]
INFO: [ template_filter ] --END-- [ RunTime:0.000196s ]
INFO: Run Behavior\ParseTemplateBehavior [ RunTime:0.018297s ]
INFO: [ view_parse ] --END-- [ RunTime:0.018345s ]
INFO: [ view_filter ] --START--
INFO: Run Behavior\WriteHtmlCacheBehavior [ RunTime:0.000191s ]
INFO: Run Behavior\TokenBuildBehavior [ RunTime:0.000433s ]
INFO: [ view_filter ] --END-- [ RunTime:0.000697s ]
INFO: [ app_end ] --START--
INFO: Run Behavior\ShowPageTraceBehavior [ RunTime:0.000723s ]
INFO: [ app_end ] --END-- [ RunTime:0.000768s ]

[ 2017-03-27T14:38:47+08:00 ] 123.125.67.151 /pc/index.php
INFO: [ app_init ] --START--
INFO: Run Behavior\BuildLiteBehavior [ RunTime:0.000024s ]
INFO: [ app_init ] --END-- [ RunTime:0.000114s ]
INFO: [ app_begin ] --START--
INFO: Run Behavior\ReadHtmlCacheBehavior [ RunTime:0.000070s ]
INFO: [ app_begin ] --END-- [ RunTime:0.000110s ]
SQL: SHOW COLUMNS FROM `ea_system_config` [ RunTime:0.000581s ]
SQL: SELECT * FROM `ea_system_config` LIMIT 1   [ RunTime:0.000282s ]
SQL: SHOW COLUMNS FROM `ea_ad` [ RunTime:0.000381s ]
SQL: SELECT * FROM `ea_ad` WHERE ( `ad_code` = 'INDEX_BANNER' )  [ RunTime:0.000248s ]
SQL: SELECT * FROM `ea_ad` WHERE ( `ad_code` = 'INDEX_UL1' ) LIMIT 1   [ RunTime:0.000186s ]
SQL: SELECT * FROM `ea_ad` WHERE ( `ad_code` = 'INDEX_UL2' ) LIMIT 1   [ RunTime:0.000184s ]
SQL: SELECT * FROM `ea_ad` WHERE ( `ad_code` = 'INDEX_UL3' ) LIMIT 1   [ RunTime:0.000180s ]
INFO: [ view_parse ] --START--
INFO: [ template_filter ] --START--
INFO: Run Behavior\ContentReplaceBehavior [ RunTime:0.000121s ]
INFO: [ template_filter ] --END-- [ RunTime:0.000180s ]
INFO: Run Behavior\ParseTemplateBehavior [ RunTime:0.011665s ]
INFO: [ view_parse ] --END-- [ RunTime:0.011709s ]
INFO: [ view_filter ] --START--
INFO: Run Behavior\WriteHtmlCacheBehavior [ RunTime:0.000048s ]
INFO: Run Behavior\TokenBuildBehavior [ RunTime:0.000060s ]
INFO: [ view_filter ] --END-- [ RunTime:0.000161s ]
INFO: [ app_end ] --START--
INFO: Run Behavior\ShowPageTraceBehavior [ RunTime:0.000062s ]
INFO: [ app_end ] --END-- [ RunTime:0.000100s ]

[ 2017-03-27T14:38:47+08:00 ] 220.181.51.76 /pc/wap.php
INFO: [ app_init ] --START--
INFO: Run Behavior\BuildLiteBehavior [ RunTime:0.000017s ]
INFO: [ app_init ] --END-- [ RunTime:0.000094s ]
NOTIC: [8] Constant MODULE_NAME already defined /data/wwwroot/default/pc/ThinkPHP/Library/Think/Dispatcher.class.php 第 135 行.
NOTIC: [8] Constant CONTROLLER_NAME already defined /data/wwwroot/default/pc/ThinkPHP/Library/Think/Dispatcher.class.php 第 223 行.
INFO: [ app_begin ] --START--
INFO: Run Behavior\ReadHtmlCacheBehavior [ RunTime:0.000038s ]
INFO: [ app_begin ] --END-- [ RunTime:0.000070s ]
SQL: SHOW COLUMNS FROM `ea_system_config` [ RunTime:0.000602s ]
SQL: SELECT * FROM `ea_system_config` LIMIT 1   [ RunTime:0.000101s ]
INFO: [ view_parse ] --START--
INFO: [ template_filter ] --START--
INFO: Run Behavior\ContentReplaceBehavior [ RunTime:0.000068s ]
INFO: [ template_filter ] --END-- [ RunTime:0.000127s ]
NOTIC: [8] Undefined index: aft_phone /data/wwwroot/default/pc/App/Runtime/Cache/Home/c720a402649bcecfdc3e7b78a24ebacd.php 第 127 行.
INFO: Run Behavior\ParseTemplateBehavior [ RunTime:0.004213s ]
INFO: [ view_parse ] --END-- [ RunTime:0.004252s ]
INFO: [ view_filter ] --START--
INFO: Run Behavior\WriteHtmlCacheBehavior [ RunTime:0.000046s ]
INFO: Run Behavior\TokenBuildBehavior [ RunTime:0.000046s ]
INFO: [ view_filter ] --END-- [ RunTime:0.000165s ]
INFO: [ app_end ] --START--
INFO: Run Behavior\ShowPageTraceBehavior [ RunTime:0.000036s ]
INFO: [ app_end ] --END-- [ RunTime:0.000076s ]

[ 2017-03-27T15:48:37+08:00 ] 220.181.108.112 /pc/index.php
INFO: [ app_init ] --START--
INFO: Run Behavior\BuildLiteBehavior [ RunTime:0.000018s ]
INFO: [ app_init ] --END-- [ RunTime:0.000089s ]
INFO: [ app_begin ] --START--
INFO: Run Behavior\ReadHtmlCacheBehavior [ RunTime:0.000043s ]
INFO: [ app_begin ] --END-- [ RunTime:0.000079s ]
SQL: SHOW COLUMNS FROM `ea_system_config` [ RunTime:0.000540s ]
SQL: SELECT * FROM `ea_system_config` LIMIT 1   [ RunTime:0.000101s ]
SQL: SHOW COLUMNS FROM `ea_ad` [ RunTime:0.000359s ]
SQL: SELECT * FROM `ea_ad` WHERE ( `ad_code` = 'INDEX_BANNER' )  [ RunTime:0.000123s ]
SQL: SELECT * FROM `ea_ad` WHERE ( `ad_code` = 'INDEX_UL1' ) LIMIT 1   [ RunTime:0.000071s ]
SQL: SELECT * FROM `ea_ad` WHERE ( `ad_code` = 'INDEX_UL2' ) LIMIT 1   [ RunTime:0.000066s ]
SQL: SELECT * FROM `ea_ad` WHERE ( `ad_code` = 'INDEX_UL3' ) LIMIT 1   [ RunTime:0.000083s ]
INFO: [ view_parse ] --START--
INFO: [ template_filter ] --START--
INFO: Run Behavior\ContentReplaceBehavior [ RunTime:0.000125s ]
INFO: [ template_filter ] --END-- [ RunTime:0.000175s ]
INFO: Run Behavior\ParseTemplateBehavior [ RunTime:0.011575s ]
INFO: [ view_parse ] --END-- [ RunTime:0.011627s ]
INFO: [ view_filter ] --START--
INFO: Run Behavior\WriteHtmlCacheBehavior [ RunTime:0.000043s ]
INFO: Run Behavior\TokenBuildBehavior [ RunTime:0.000040s ]
INFO: [ view_filter ] --END-- [ RunTime:0.000127s ]
INFO: [ app_end ] --START--
INFO: Run Behavior\ShowPageTraceBehavior [ RunTime:0.000070s ]
INFO: [ app_end ] --END-- [ RunTime:0.000130s ]

[ 2017-03-27T15:52:15+08:00 ] 222.215.88.209 /pc/index.php
INFO: [ app_init ] --START--
INFO: Run Behavior\BuildLiteBehavior [ RunTime:0.000018s ]
INFO: [ app_init ] --END-- [ RunTime:0.000066s ]
INFO: [ app_begin ] --START--
INFO: Run Behavior\ReadHtmlCacheBehavior [ RunTime:0.000049s ]
INFO: [ app_begin ] --END-- [ RunTime:0.000085s ]
SQL: SHOW COLUMNS FROM `ea_system_config` [ RunTime:0.000553s ]
SQL: SELECT * FROM `ea_system_config` LIMIT 1   [ RunTime:0.000104s ]
SQL: SHOW COLUMNS FROM `ea_ad` [ RunTime:0.000379s ]
SQL: SELECT * FROM `ea_ad` WHERE ( `ad_code` = 'INDEX_BANNER' )  [ RunTime:0.000082s ]
SQL: SELECT * FROM `ea_ad` WHERE ( `ad_code` = 'INDEX_UL1' ) LIMIT 1   [ RunTime:0.000102s ]
SQL: SELECT * FROM `ea_ad` WHERE ( `ad_code` = 'INDEX_UL2' ) LIMIT 1   [ RunTime:0.000070s ]
SQL: SELECT * FROM `ea_ad` WHERE ( `ad_code` = 'INDEX_UL3' ) LIMIT 1   [ RunTime:0.000067s ]
INFO: [ view_parse ] --START--
INFO: [ template_filter ] --START--
INFO: Run Behavior\ContentReplaceBehavior [ RunTime:0.000137s ]
INFO: [ template_filter ] --END-- [ RunTime:0.000203s ]
INFO: Run Behavior\ParseTemplateBehavior [ RunTime:0.011678s ]
INFO: [ view_parse ] --END-- [ RunTime:0.011737s ]
INFO: [ view_filter ] --START--
INFO: Run Behavior\WriteHtmlCacheBehavior [ RunTime:0.000061s ]
INFO: Run Behavior\TokenBuildBehavior [ RunTime:0.000079s ]
INFO: [ view_filter ] --END-- [ RunTime:0.000194s ]
INFO: [ app_end ] --START--
INFO: Run Behavior\ShowPageTraceBehavior [ RunTime:0.000074s ]
INFO: [ app_end ] --END-- [ RunTime:0.000139s ]

[ 2017-03-27T17:42:59+08:00 ] 182.144.81.205 /pc/index.php
INFO: [ app_init ] --START--
INFO: Run Behavior\BuildLiteBehavior [ RunTime:0.000012s ]
INFO: [ app_init ] --END-- [ RunTime:0.000059s ]
INFO: [ app_begin ] --START--
INFO: Run Behavior\ReadHtmlCacheBehavior [ RunTime:0.000290s ]
INFO: [ app_begin ] --END-- [ RunTime:0.000334s ]
SQL: SHOW COLUMNS FROM `ea_system_config` [ RunTime:0.000529s ]
SQL: SELECT * FROM `ea_system_config` LIMIT 1   [ RunTime:0.000146s ]
SQL: SHOW COLUMNS FROM `ea_ad` [ RunTime:0.000404s ]
SQL: SELECT * FROM `ea_ad` WHERE ( `ad_code` = 'INDEX_BANNER' )  [ RunTime:0.000082s ]
SQL: SELECT * FROM `ea_ad` WHERE ( `ad_code` = 'INDEX_UL1' ) LIMIT 1   [ RunTime:0.000084s ]
SQL: SELECT * FROM `ea_ad` WHERE ( `ad_code` = 'INDEX_UL2' ) LIMIT 1   [ RunTime:0.000072s ]
SQL: SELECT * FROM `ea_ad` WHERE ( `ad_code` = 'INDEX_UL3' ) LIMIT 1   [ RunTime:0.000079s ]
INFO: [ view_parse ] --START--
INFO: [ template_filter ] --START--
INFO: Run Behavior\ContentReplaceBehavior [ RunTime:0.000113s ]
INFO: [ template_filter ] --END-- [ RunTime:0.000164s ]
INFO: Run Behavior\ParseTemplateBehavior [ RunTime:0.011308s ]
INFO: [ view_parse ] --END-- [ RunTime:0.011350s ]
INFO: [ view_filter ] --START--
INFO: Run Behavior\WriteHtmlCacheBehavior [ RunTime:0.000047s ]
INFO: Run Behavior\TokenBuildBehavior [ RunTime:0.000041s ]
INFO: [ view_filter ] --END-- [ RunTime:0.000132s ]
INFO: [ app_end ] --START--
INFO: Run Behavior\ShowPageTraceBehavior [ RunTime:0.000050s ]
INFO: [ app_end ] --END-- [ RunTime:0.000090s ]

[ 2017-03-27T17:42:59+08:00 ] 182.144.81.205 /pc/wap.php
INFO: [ app_init ] --START--
INFO: Run Behavior\BuildLiteBehavior [ RunTime:0.000012s ]
INFO: [ app_init ] --END-- [ RunTime:0.000061s ]
NOTIC: [8] Constant MODULE_NAME already defined /data/wwwroot/default/pc/ThinkPHP/Library/Think/Dispatcher.class.php 第 135 行.
NOTIC: [8] Constant CONTROLLER_NAME already defined /data/wwwroot/default/pc/ThinkPHP/Library/Think/Dispatcher.class.php 第 223 行.
INFO: [ app_begin ] --START--
INFO: Run Behavior\ReadHtmlCacheBehavior [ RunTime:0.000036s ]
INFO: [ app_begin ] --END-- [ RunTime:0.000068s ]
SQL: SHOW COLUMNS FROM `ea_system_config` [ RunTime:0.000573s ]
SQL: SELECT * FROM `ea_system_config` LIMIT 1   [ RunTime:0.000105s ]
INFO: [ view_parse ] --START--
INFO: [ template_filter ] --START--
INFO: Run Behavior\ContentReplaceBehavior [ RunTime:0.000063s ]
INFO: [ template_filter ] --END-- [ RunTime:0.000103s ]
NOTIC: [8] Undefined index: aft_phone /data/wwwroot/default/pc/App/Runtime/Cache/Home/c720a402649bcecfdc3e7b78a24ebacd.php 第 127 行.
INFO: Run Behavior\ParseTemplateBehavior [ RunTime:0.003765s ]
INFO: [ view_parse ] --END-- [ RunTime:0.003801s ]
INFO: [ view_filter ] --START--
INFO: Run Behavior\WriteHtmlCacheBehavior [ RunTime:0.000037s ]
INFO: Run Behavior\TokenBuildBehavior [ RunTime:0.000029s ]
INFO: [ view_filter ] --END-- [ RunTime:0.000106s ]
INFO: [ app_end ] --START--
INFO: Run Behavior\ShowPageTraceBehavior [ RunTime:0.000046s ]
INFO: [ app_end ] --END-- [ RunTime:0.000075s ]

[ 2017-03-27T19:53:22+08:00 ] 66.249.79.120 /pc/wap.php/Wap/general.html
INFO: [ app_init ] --START--
INFO: Run Behavior\BuildLiteBehavior [ RunTime:0.000012s ]
INFO: [ app_init ] --END-- [ RunTime:0.000067s ]
NOTIC: [8] Constant MODULE_NAME already defined /data/wwwroot/default/pc/ThinkPHP/Library/Think/Dispatcher.class.php 第 135 行.
NOTIC: [8] Constant CONTROLLER_NAME already defined /data/wwwroot/default/pc/ThinkPHP/Library/Think/Dispatcher.class.php 第 223 行.
INFO: [ app_begin ] --START--
INFO: Run Behavior\ReadHtmlCacheBehavior [ RunTime:0.000041s ]
INFO: [ app_begin ] --END-- [ RunTime:0.000076s ]
SQL: SHOW COLUMNS FROM `ea_system_config` [ RunTime:0.000576s ]
SQL: SELECT * FROM `ea_system_config` LIMIT 1   [ RunTime:0.000118s ]
INFO: [ view_parse ] --START--
INFO: [ template_filter ] --START--
INFO: Run Behavior\ContentReplaceBehavior [ RunTime:0.000064s ]
INFO: [ template_filter ] --END-- [ RunTime:0.000117s ]
NOTIC: [8] Undefined index: aft_phone /data/wwwroot/default/pc/App/Runtime/Cache/Home/0bcc570c78eab084cccee228afd6a5ff.php 第 188 行.
INFO: Run Behavior\ParseTemplateBehavior [ RunTime:0.018703s ]
INFO: [ view_parse ] --END-- [ RunTime:0.018741s ]
INFO: [ view_filter ] --START--
INFO: Run Behavior\WriteHtmlCacheBehavior [ RunTime:0.000041s ]
INFO: Run Behavior\TokenBuildBehavior [ RunTime:0.000069s ]
INFO: [ view_filter ] --END-- [ RunTime:0.000171s ]
INFO: [ app_end ] --START--
INFO: Run Behavior\ShowPageTraceBehavior [ RunTime:0.000054s ]
INFO: [ app_end ] --END-- [ RunTime:0.000096s ]

[ 2017-03-27T22:19:07+08:00 ] 66.249.79.112 /pc/wap.php/Wap/car.html
INFO: [ app_init ] --START--
INFO: Run Behavior\BuildLiteBehavior [ RunTime:0.000012s ]
INFO: [ app_init ] --END-- [ RunTime:0.000084s ]
NOTIC: [8] Constant MODULE_NAME already defined /data/wwwroot/default/pc/ThinkPHP/Library/Think/Dispatcher.class.php 第 135 行.
NOTIC: [8] Constant CONTROLLER_NAME already defined /data/wwwroot/default/pc/ThinkPHP/Library/Think/Dispatcher.class.php 第 223 行.
INFO: [ app_begin ] --START--
INFO: Run Behavior\ReadHtmlCacheBehavior [ RunTime:0.000046s ]
INFO: [ app_begin ] --END-- [ RunTime:0.000091s ]
SQL: SHOW COLUMNS FROM `ea_system_config` [ RunTime:0.000544s ]
SQL: SELECT * FROM `ea_system_config` LIMIT 1   [ RunTime:0.000120s ]
INFO: [ view_parse ] --START--
INFO: [ template_filter ] --START--
INFO: Run Behavior\ContentReplaceBehavior [ RunTime:0.000095s ]
INFO: [ template_filter ] --END-- [ RunTime:0.000146s ]
NOTIC: [8] Undefined index: aft_phone /data/wwwroot/default/pc/App/Runtime/Cache/Home/3f98b581113e9846f423e8321363d7ee.php 第 173 行.
INFO: Run Behavior\ParseTemplateBehavior [ RunTime:0.066261s ]
INFO: [ view_parse ] --END-- [ RunTime:0.066302s ]
INFO: [ view_filter ] --START--
INFO: Run Behavior\WriteHtmlCacheBehavior [ RunTime:0.000053s ]
INFO: Run Behavior\TokenBuildBehavior [ RunTime:0.000039s ]
INFO: [ view_filter ] --END-- [ RunTime:0.000138s ]
INFO: [ app_end ] --START--
INFO: Run Behavior\ShowPageTraceBehavior [ RunTime:0.000048s ]
INFO: [ app_end ] --END-- [ RunTime:0.000080s ]

[ 2017-03-27T23:34:22+08:00 ] 220.181.108.108 /pc/index.php
INFO: [ app_init ] --START--
INFO: Run Behavior\BuildLiteBehavior [ RunTime:0.000013s ]
INFO: [ app_init ] --END-- [ RunTime:0.000059s ]
INFO: [ app_begin ] --START--
INFO: Run Behavior\ReadHtmlCacheBehavior [ RunTime:0.000043s ]
INFO: [ app_begin ] --END-- [ RunTime:0.000077s ]
SQL: SHOW COLUMNS FROM `ea_system_config` [ RunTime:0.000514s ]
SQL: SELECT * FROM `ea_system_config` LIMIT 1   [ RunTime:0.000105s ]
SQL: SHOW COLUMNS FROM `ea_ad` [ RunTime:0.000345s ]
SQL: SELECT * FROM `ea_ad` WHERE ( `ad_code` = 'INDEX_BANNER' )  [ RunTime:0.000078s ]
SQL: SELECT * FROM `ea_ad` WHERE ( `ad_code` = 'INDEX_UL1' ) LIMIT 1   [ RunTime:0.000098s ]
SQL: SELECT * FROM `ea_ad` WHERE ( `ad_code` = 'INDEX_UL2' ) LIMIT 1   [ RunTime:0.000069s ]
SQL: SELECT * FROM `ea_ad` WHERE ( `ad_code` = 'INDEX_UL3' ) LIMIT 1   [ RunTime:0.000066s ]
INFO: [ view_parse ] --START--
INFO: [ template_filter ] --START--
INFO: Run Behavior\ContentReplaceBehavior [ RunTime:0.000106s ]
INFO: [ template_filter ] --END-- [ RunTime:0.000160s ]
INFO: Run Behavior\ParseTemplateBehavior [ RunTime:0.010943s ]
INFO: [ view_parse ] --END-- [ RunTime:0.010983s ]
INFO: [ view_filter ] --START--
INFO: Run Behavior\WriteHtmlCacheBehavior [ RunTime:0.000045s ]
INFO: Run Behavior\TokenBuildBehavior [ RunTime:0.000041s ]
INFO: [ view_filter ] --END-- [ RunTime:0.000129s ]
INFO: [ app_end ] --START--
INFO: Run Behavior\ShowPageTraceBehavior [ RunTime:0.000050s ]
INFO: [ app_end ] --END-- [ RunTime:0.000090s ]

[ 2017-03-27T23:35:54+08:00 ] 66.249.79.112 /pc/index.php/Index/mobile-ios.html
INFO: [ app_init ] --START--
INFO: Run Behavior\BuildLiteBehavior [ RunTime:0.000027s ]
INFO: [ app_init ] --END-- [ RunTime:0.000078s ]
INFO: [ app_begin ] --START--
INFO: Run Behavior\ReadHtmlCacheBehavior [ RunTime:0.000054s ]
INFO: [ app_begin ] --END-- [ RunTime:0.000120s ]
SQL: SHOW COLUMNS FROM `ea_system_config` [ RunTime:0.000596s ]
SQL: SELECT * FROM `ea_system_config` LIMIT 1   [ RunTime:0.000116s ]
INFO: [ view_parse ] --START--
INFO: [ template_filter ] --START--
INFO: Run Behavior\ContentReplaceBehavior [ RunTime:0.000171s ]
INFO: [ template_filter ] --END-- [ RunTime:0.000224s ]
INFO: Run Behavior\ParseTemplateBehavior [ RunTime:0.030968s ]
INFO: [ view_parse ] --END-- [ RunTime:0.031012s ]
INFO: [ view_filter ] --START--
INFO: Run Behavior\WriteHtmlCacheBehavior [ RunTime:0.000045s ]
INFO: Run Behavior\TokenBuildBehavior [ RunTime:0.000050s ]
INFO: [ view_filter ] --END-- [ RunTime:0.000140s ]
INFO: [ app_end ] --START--
INFO: Run Behavior\ShowPageTraceBehavior [ RunTime:0.000054s ]
INFO: [ app_end ] --END-- [ RunTime:0.000095s ]

[ 2017-03-27T23:48:29+08:00 ] 220.181.108.120 /pc/index.php
INFO: [ app_init ] --START--
INFO: Run Behavior\BuildLiteBehavior [ RunTime:0.000012s ]
INFO: [ app_init ] --END-- [ RunTime:0.000073s ]
INFO: [ app_begin ] --START--
INFO: Run Behavior\ReadHtmlCacheBehavior [ RunTime:0.000041s ]
INFO: [ app_begin ] --END-- [ RunTime:0.000077s ]
SQL: SHOW COLUMNS FROM `ea_system_config` [ RunTime:0.000554s ]
SQL: SELECT * FROM `ea_system_config` LIMIT 1   [ RunTime:0.000115s ]
SQL: SHOW COLUMNS FROM `ea_ad` [ RunTime:0.000349s ]
SQL: SELECT * FROM `ea_ad` WHERE ( `ad_code` = 'INDEX_BANNER' )  [ RunTime:0.000082s ]
SQL: SELECT * FROM `ea_ad` WHERE ( `ad_code` = 'INDEX_UL1' ) LIMIT 1   [ RunTime:0.000072s ]
SQL: SELECT * FROM `ea_ad` WHERE ( `ad_code` = 'INDEX_UL2' ) LIMIT 1   [ RunTime:0.000067s ]
SQL: SELECT * FROM `ea_ad` WHERE ( `ad_code` = 'INDEX_UL3' ) LIMIT 1   [ RunTime:0.000067s ]
INFO: [ view_parse ] --START--
INFO: [ template_filter ] --START--
INFO: Run Behavior\ContentReplaceBehavior [ RunTime:0.000109s ]
INFO: [ template_filter ] --END-- [ RunTime:0.000153s ]
INFO: Run Behavior\ParseTemplateBehavior [ RunTime:0.010915s ]
INFO: [ view_parse ] --END-- [ RunTime:0.010955s ]
INFO: [ view_filter ] --START--
INFO: Run Behavior\WriteHtmlCacheBehavior [ RunTime:0.000042s ]
INFO: Run Behavior\TokenBuildBehavior [ RunTime:0.000090s ]
INFO: [ view_filter ] --END-- [ RunTime:0.000191s ]
INFO: [ app_end ] --START--
INFO: Run Behavior\ShowPageTraceBehavior [ RunTime:0.000049s ]
INFO: [ app_end ] --END-- [ RunTime:0.000086s ]

[ 2017-03-27T23:48:29+08:00 ] 220.181.108.104 /pc/wap.php
INFO: [ app_init ] --START--
INFO: Run Behavior\BuildLiteBehavior [ RunTime:0.000014s ]
INFO: [ app_init ] --END-- [ RunTime:0.000062s ]
NOTIC: [8] Constant MODULE_NAME already defined /data/wwwroot/default/pc/ThinkPHP/Library/Think/Dispatcher.class.php 第 135 行.
NOTIC: [8] Constant CONTROLLER_NAME already defined /data/wwwroot/default/pc/ThinkPHP/Library/Think/Dispatcher.class.php 第 223 行.
INFO: [ app_begin ] --START--
INFO: Run Behavior\ReadHtmlCacheBehavior [ RunTime:0.000038s ]
INFO: [ app_begin ] --END-- [ RunTime:0.000072s ]
SQL: SHOW COLUMNS FROM `ea_system_config` [ RunTime:0.000572s ]
SQL: SELECT * FROM `ea_system_config` LIMIT 1   [ RunTime:0.000116s ]
INFO: [ view_parse ] --START--
INFO: [ template_filter ] --START--
INFO: Run Behavior\ContentReplaceBehavior [ RunTime:0.000074s ]
INFO: [ template_filter ] --END-- [ RunTime:0.000142s ]
NOTIC: [8] Undefined index: aft_phone /data/wwwroot/default/pc/App/Runtime/Cache/Home/c720a402649bcecfdc3e7b78a24ebacd.php 第 127 行.
INFO: Run Behavior\ParseTemplateBehavior [ RunTime:0.004590s ]
INFO: [ view_parse ] --END-- [ RunTime:0.004631s ]
INFO: [ view_filter ] --START--
INFO: Run Behavior\WriteHtmlCacheBehavior [ RunTime:0.000046s ]
INFO: Run Behavior\TokenBuildBehavior [ RunTime:0.000043s ]
INFO: [ view_filter ] --END-- [ RunTime:0.000132s ]
INFO: [ app_end ] --START--
INFO: Run Behavior\ShowPageTraceBehavior [ RunTime:0.000038s ]
INFO: [ app_end ] --END-- [ RunTime:0.000066s ]

