[ 2017-02-03T00:58:03+08:00 ] 203.208.60.233 /pc/index.php
INFO: [ app_init ] --START--
INFO: Run Behavior\BuildLiteBehavior [ RunTime:0.000018s ]
INFO: [ app_init ] --END-- [ RunTime:0.000093s ]
INFO: [ app_begin ] --START--
INFO: Run Behavior\ReadHtmlCacheBehavior [ RunTime:0.000061s ]
INFO: [ app_begin ] --END-- [ RunTime:0.000120s ]
SQL: SHOW COLUMNS FROM `ea_system_config` [ RunTime:0.000744s ]
SQL: SELECT * FROM `ea_system_config` LIMIT 1   [ RunTime:0.000163s ]
SQL: SHOW COLUMNS FROM `ea_ad` [ RunTime:0.000544s ]
SQL: SELECT * FROM `ea_ad` WHERE ( `ad_code` = 'INDEX_BANNER' )  [ RunTime:0.000108s ]
SQL: SELECT * FROM `ea_ad` WHERE ( `ad_code` = 'INDEX_UL1' ) LIMIT 1   [ RunTime:0.000105s ]
SQL: SELECT * FROM `ea_ad` WHERE ( `ad_code` = 'INDEX_UL2' ) LIMIT 1   [ RunTime:0.000113s ]
SQL: SELECT * FROM `ea_ad` WHERE ( `ad_code` = 'INDEX_UL3' ) LIMIT 1   [ RunTime:0.000094s ]
INFO: [ view_parse ] --START--
INFO: [ template_filter ] --START--
INFO: Run Behavior\ContentReplaceBehavior [ RunTime:0.000125s ]
INFO: [ template_filter ] --END-- [ RunTime:0.000173s ]
INFO: Run Behavior\ParseTemplateBehavior [ RunTime:0.014000s ]
INFO: [ view_parse ] --END-- [ RunTime:0.014050s ]
INFO: [ view_filter ] --START--
INFO: Run Behavior\WriteHtmlCacheBehavior [ RunTime:0.000044s ]
INFO: Run Behavior\TokenBuildBehavior [ RunTime:0.000040s ]
INFO: [ view_filter ] --END-- [ RunTime:0.000128s ]
INFO: [ app_end ] --START--
INFO: Run Behavior\ShowPageTraceBehavior [ RunTime:0.000047s ]
INFO: [ app_end ] --END-- [ RunTime:0.000085s ]

[ 2017-02-03T01:29:53+08:00 ] 220.181.108.115 /pc/index.php
INFO: [ app_init ] --START--
INFO: Run Behavior\BuildLiteBehavior [ RunTime:0.000012s ]
INFO: [ app_init ] --END-- [ RunTime:0.000062s ]
INFO: [ app_begin ] --START--
INFO: Run Behavior\ReadHtmlCacheBehavior [ RunTime:0.000039s ]
INFO: [ app_begin ] --END-- [ RunTime:0.000073s ]
SQL: SHOW COLUMNS FROM `ea_system_config` [ RunTime:0.000583s ]
SQL: SELECT * FROM `ea_system_config` LIMIT 1   [ RunTime:0.000099s ]
SQL: SHOW COLUMNS FROM `ea_ad` [ RunTime:0.000371s ]
SQL: SELECT * FROM `ea_ad` WHERE ( `ad_code` = 'INDEX_BANNER' )  [ RunTime:0.000079s ]
SQL: SELECT * FROM `ea_ad` WHERE ( `ad_code` = 'INDEX_UL1' ) LIMIT 1   [ RunTime:0.000069s ]
SQL: SELECT * FROM `ea_ad` WHERE ( `ad_code` = 'INDEX_UL2' ) LIMIT 1   [ RunTime:0.000070s ]
SQL: SELECT * FROM `ea_ad` WHERE ( `ad_code` = 'INDEX_UL3' ) LIMIT 1   [ RunTime:0.000077s ]
INFO: [ view_parse ] --START--
INFO: [ template_filter ] --START--
INFO: Run Behavior\ContentReplaceBehavior [ RunTime:0.000114s ]
INFO: [ template_filter ] --END-- [ RunTime:0.000160s ]
INFO: Run Behavior\ParseTemplateBehavior [ RunTime:0.011173s ]
INFO: [ view_parse ] --END-- [ RunTime:0.011235s ]
INFO: [ view_filter ] --START--
INFO: Run Behavior\WriteHtmlCacheBehavior [ RunTime:0.000059s ]
INFO: Run Behavior\TokenBuildBehavior [ RunTime:0.000046s ]
INFO: [ view_filter ] --END-- [ RunTime:0.000159s ]
INFO: [ app_end ] --START--
INFO: Run Behavior\ShowPageTraceBehavior [ RunTime:0.000064s ]
INFO: [ app_end ] --END-- [ RunTime:0.000108s ]

[ 2017-02-03T01:33:18+08:00 ] 203.208.60.236 /pc/index.php
INFO: [ app_init ] --START--
INFO: Run Behavior\BuildLiteBehavior [ RunTime:0.000014s ]
INFO: [ app_init ] --END-- [ RunTime:0.000061s ]
INFO: [ app_begin ] --START--
INFO: Run Behavior\ReadHtmlCacheBehavior [ RunTime:0.000044s ]
INFO: [ app_begin ] --END-- [ RunTime:0.000084s ]
SQL: SHOW COLUMNS FROM `ea_system_config` [ RunTime:0.000558s ]
SQL: SELECT * FROM `ea_system_config` LIMIT 1   [ RunTime:0.000132s ]
SQL: SHOW COLUMNS FROM `ea_ad` [ RunTime:0.000392s ]
SQL: SELECT * FROM `ea_ad` WHERE ( `ad_code` = 'INDEX_BANNER' )  [ RunTime:0.000079s ]
SQL: SELECT * FROM `ea_ad` WHERE ( `ad_code` = 'INDEX_UL1' ) LIMIT 1   [ RunTime:0.000087s ]
SQL: SELECT * FROM `ea_ad` WHERE ( `ad_code` = 'INDEX_UL2' ) LIMIT 1   [ RunTime:0.000080s ]
SQL: SELECT * FROM `ea_ad` WHERE ( `ad_code` = 'INDEX_UL3' ) LIMIT 1   [ RunTime:0.000070s ]
INFO: [ view_parse ] --START--
INFO: [ template_filter ] --START--
INFO: Run Behavior\ContentReplaceBehavior [ RunTime:0.000111s ]
INFO: [ template_filter ] --END-- [ RunTime:0.000154s ]
INFO: Run Behavior\ParseTemplateBehavior [ RunTime:0.010990s ]
INFO: [ view_parse ] --END-- [ RunTime:0.011031s ]
INFO: [ view_filter ] --START--
INFO: Run Behavior\WriteHtmlCacheBehavior [ RunTime:0.000045s ]
INFO: Run Behavior\TokenBuildBehavior [ RunTime:0.000040s ]
INFO: [ view_filter ] --END-- [ RunTime:0.000127s ]
INFO: [ app_end ] --START--
INFO: Run Behavior\ShowPageTraceBehavior [ RunTime:0.000048s ]
INFO: [ app_end ] --END-- [ RunTime:0.000088s ]

[ 2017-02-03T01:33:18+08:00 ] 203.208.60.236 /pc/wap.php
INFO: [ app_init ] --START--
INFO: Run Behavior\BuildLiteBehavior [ RunTime:0.000012s ]
INFO: [ app_init ] --END-- [ RunTime:0.000060s ]
NOTIC: [8] Constant MODULE_NAME already defined /data/wwwroot/default/pc/ThinkPHP/Library/Think/Dispatcher.class.php 第 135 行.
NOTIC: [8] Constant CONTROLLER_NAME already defined /data/wwwroot/default/pc/ThinkPHP/Library/Think/Dispatcher.class.php 第 223 行.
INFO: [ app_begin ] --START--
INFO: Run Behavior\ReadHtmlCacheBehavior [ RunTime:0.000052s ]
INFO: [ app_begin ] --END-- [ RunTime:0.000097s ]
SQL: SHOW COLUMNS FROM `ea_system_config` [ RunTime:0.000775s ]
SQL: SELECT * FROM `ea_system_config` LIMIT 1   [ RunTime:0.000106s ]
INFO: [ view_parse ] --START--
INFO: [ template_filter ] --START--
INFO: Run Behavior\ContentReplaceBehavior [ RunTime:0.000065s ]
INFO: [ template_filter ] --END-- [ RunTime:0.000110s ]
NOTIC: [8] Undefined index: aft_phone /data/wwwroot/default/pc/App/Runtime/Cache/Home/c720a402649bcecfdc3e7b78a24ebacd.php 第 127 行.
INFO: Run Behavior\ParseTemplateBehavior [ RunTime:0.003925s ]
INFO: [ view_parse ] --END-- [ RunTime:0.003965s ]
INFO: [ view_filter ] --START--
INFO: Run Behavior\WriteHtmlCacheBehavior [ RunTime:0.000038s ]
INFO: Run Behavior\TokenBuildBehavior [ RunTime:0.000034s ]
INFO: [ view_filter ] --END-- [ RunTime:0.000128s ]
INFO: [ app_end ] --START--
INFO: Run Behavior\ShowPageTraceBehavior [ RunTime:0.000032s ]
INFO: [ app_end ] --END-- [ RunTime:0.000059s ]

[ 2017-02-03T03:15:07+08:00 ] 203.208.60.235 /pc/index.php/Index/login-register.html
INFO: [ app_init ] --START--
INFO: Run Behavior\BuildLiteBehavior [ RunTime:0.000024s ]
INFO: [ app_init ] --END-- [ RunTime:0.000074s ]
INFO: [ app_begin ] --START--
INFO: Run Behavior\ReadHtmlCacheBehavior [ RunTime:0.000045s ]
INFO: [ app_begin ] --END-- [ RunTime:0.000083s ]
SQL: SHOW COLUMNS FROM `ea_system_config` [ RunTime:0.000633s ]
SQL: SELECT * FROM `ea_system_config` LIMIT 1   [ RunTime:0.000103s ]
INFO: [ view_parse ] --START--
INFO: [ template_filter ] --START--
INFO: Run Behavior\ContentReplaceBehavior [ RunTime:0.000115s ]
INFO: [ template_filter ] --END-- [ RunTime:0.000157s ]
INFO: Run Behavior\ParseTemplateBehavior [ RunTime:0.009489s ]
INFO: [ view_parse ] --END-- [ RunTime:0.009540s ]
INFO: [ view_filter ] --START--
INFO: Run Behavior\WriteHtmlCacheBehavior [ RunTime:0.000043s ]
INFO: Run Behavior\TokenBuildBehavior [ RunTime:0.000045s ]
INFO: [ view_filter ] --END-- [ RunTime:0.000147s ]
INFO: [ app_end ] --START--
INFO: Run Behavior\ShowPageTraceBehavior [ RunTime:0.000050s ]
INFO: [ app_end ] --END-- [ RunTime:0.000090s ]

[ 2017-02-03T04:26:17+08:00 ] 203.208.60.237 /pc/wap.php/Wap/solutions.html
INFO: [ app_init ] --START--
INFO: Run Behavior\BuildLiteBehavior [ RunTime:0.000015s ]
INFO: [ app_init ] --END-- [ RunTime:0.000064s ]
NOTIC: [8] Constant MODULE_NAME already defined /data/wwwroot/default/pc/ThinkPHP/Library/Think/Dispatcher.class.php 第 135 行.
NOTIC: [8] Constant CONTROLLER_NAME already defined /data/wwwroot/default/pc/ThinkPHP/Library/Think/Dispatcher.class.php 第 223 行.
INFO: [ app_begin ] --START--
INFO: Run Behavior\ReadHtmlCacheBehavior [ RunTime:0.000708s ]
INFO: [ app_begin ] --END-- [ RunTime:0.000750s ]
SQL: SHOW COLUMNS FROM `ea_system_config` [ RunTime:0.000601s ]
SQL: SELECT * FROM `ea_system_config` LIMIT 1   [ RunTime:0.000135s ]
INFO: [ view_parse ] --START--
INFO: [ template_filter ] --START--
INFO: Run Behavior\ContentReplaceBehavior [ RunTime:0.000077s ]
INFO: [ template_filter ] --END-- [ RunTime:0.000128s ]
NOTIC: [8] Undefined index: aft_phone /data/wwwroot/default/pc/App/Runtime/Cache/Home/10ae4cbf015156e8a820e99dcbc4f36c.php 第 193 行.
INFO: Run Behavior\ParseTemplateBehavior [ RunTime:0.010579s ]
INFO: [ view_parse ] --END-- [ RunTime:0.010681s ]
INFO: [ view_filter ] --START--
INFO: Run Behavior\WriteHtmlCacheBehavior [ RunTime:0.000193s ]
INFO: Run Behavior\TokenBuildBehavior [ RunTime:0.000383s ]
INFO: [ view_filter ] --END-- [ RunTime:0.000655s ]
INFO: [ app_end ] --START--
INFO: Run Behavior\ShowPageTraceBehavior [ RunTime:0.000788s ]
INFO: [ app_end ] --END-- [ RunTime:0.000840s ]

[ 2017-02-03T08:35:29+08:00 ] 116.236.146.21 /pc/index.php
INFO: [ app_init ] --START--
INFO: Run Behavior\BuildLiteBehavior [ RunTime:0.000017s ]
INFO: [ app_init ] --END-- [ RunTime:0.000087s ]
INFO: [ app_begin ] --START--
INFO: Run Behavior\ReadHtmlCacheBehavior [ RunTime:0.000039s ]
INFO: [ app_begin ] --END-- [ RunTime:0.000072s ]
SQL: SHOW COLUMNS FROM `ea_system_config` [ RunTime:0.000586s ]
SQL: SELECT * FROM `ea_system_config` LIMIT 1   [ RunTime:0.000130s ]
SQL: SHOW COLUMNS FROM `ea_ad` [ RunTime:0.000371s ]
SQL: SELECT * FROM `ea_ad` WHERE ( `ad_code` = 'INDEX_BANNER' )  [ RunTime:0.000086s ]
SQL: SELECT * FROM `ea_ad` WHERE ( `ad_code` = 'INDEX_UL1' ) LIMIT 1   [ RunTime:0.000088s ]
SQL: SELECT * FROM `ea_ad` WHERE ( `ad_code` = 'INDEX_UL2' ) LIMIT 1   [ RunTime:0.000065s ]
SQL: SELECT * FROM `ea_ad` WHERE ( `ad_code` = 'INDEX_UL3' ) LIMIT 1   [ RunTime:0.000066s ]
INFO: [ view_parse ] --START--
INFO: [ template_filter ] --START--
INFO: Run Behavior\ContentReplaceBehavior [ RunTime:0.000109s ]
INFO: [ template_filter ] --END-- [ RunTime:0.000151s ]
INFO: Run Behavior\ParseTemplateBehavior [ RunTime:0.011548s ]
INFO: [ view_parse ] --END-- [ RunTime:0.011589s ]
INFO: [ view_filter ] --START--
INFO: Run Behavior\WriteHtmlCacheBehavior [ RunTime:0.000039s ]
INFO: Run Behavior\TokenBuildBehavior [ RunTime:0.000039s ]
INFO: [ view_filter ] --END-- [ RunTime:0.000121s ]
INFO: [ app_end ] --START--
INFO: Run Behavior\ShowPageTraceBehavior [ RunTime:0.000070s ]
INFO: [ app_end ] --END-- [ RunTime:0.000105s ]

[ 2017-02-03T08:59:00+08:00 ] 220.181.108.81 /pc/index.php
INFO: [ app_init ] --START--
INFO: Run Behavior\BuildLiteBehavior [ RunTime:0.000018s ]
INFO: [ app_init ] --END-- [ RunTime:0.000067s ]
INFO: [ app_begin ] --START--
INFO: Run Behavior\ReadHtmlCacheBehavior [ RunTime:0.000049s ]
INFO: [ app_begin ] --END-- [ RunTime:0.000092s ]
SQL: SHOW COLUMNS FROM `ea_system_config` [ RunTime:0.000562s ]
SQL: SELECT * FROM `ea_system_config` LIMIT 1   [ RunTime:0.000106s ]
SQL: SHOW COLUMNS FROM `ea_ad` [ RunTime:0.000387s ]
SQL: SELECT * FROM `ea_ad` WHERE ( `ad_code` = 'INDEX_BANNER' )  [ RunTime:0.000103s ]
SQL: SELECT * FROM `ea_ad` WHERE ( `ad_code` = 'INDEX_UL1' ) LIMIT 1   [ RunTime:0.000109s ]
SQL: SELECT * FROM `ea_ad` WHERE ( `ad_code` = 'INDEX_UL2' ) LIMIT 1   [ RunTime:0.000098s ]
SQL: SELECT * FROM `ea_ad` WHERE ( `ad_code` = 'INDEX_UL3' ) LIMIT 1   [ RunTime:0.000083s ]
INFO: [ view_parse ] --START--
INFO: [ template_filter ] --START--
INFO: Run Behavior\ContentReplaceBehavior [ RunTime:0.000116s ]
INFO: [ template_filter ] --END-- [ RunTime:0.000166s ]
INFO: Run Behavior\ParseTemplateBehavior [ RunTime:0.011287s ]
INFO: [ view_parse ] --END-- [ RunTime:0.011329s ]
INFO: [ view_filter ] --START--
INFO: Run Behavior\WriteHtmlCacheBehavior [ RunTime:0.000039s ]
INFO: Run Behavior\TokenBuildBehavior [ RunTime:0.000059s ]
INFO: [ view_filter ] --END-- [ RunTime:0.000149s ]
INFO: [ app_end ] --START--
INFO: Run Behavior\ShowPageTraceBehavior [ RunTime:0.000051s ]
INFO: [ app_end ] --END-- [ RunTime:0.000089s ]

[ 2017-02-03T09:14:26+08:00 ] 203.208.60.234 /pc/index.php
INFO: [ app_init ] --START--
INFO: Run Behavior\BuildLiteBehavior [ RunTime:0.000013s ]
INFO: [ app_init ] --END-- [ RunTime:0.000073s ]
INFO: [ app_begin ] --START--
INFO: Run Behavior\ReadHtmlCacheBehavior [ RunTime:0.000039s ]
INFO: [ app_begin ] --END-- [ RunTime:0.000075s ]
SQL: SHOW COLUMNS FROM `ea_system_config` [ RunTime:0.000611s ]
SQL: SELECT * FROM `ea_system_config` LIMIT 1   [ RunTime:0.000104s ]
SQL: SHOW COLUMNS FROM `ea_ad` [ RunTime:0.000412s ]
SQL: SELECT * FROM `ea_ad` WHERE ( `ad_code` = 'INDEX_BANNER' )  [ RunTime:0.000093s ]
SQL: SELECT * FROM `ea_ad` WHERE ( `ad_code` = 'INDEX_UL1' ) LIMIT 1   [ RunTime:0.000087s ]
SQL: SELECT * FROM `ea_ad` WHERE ( `ad_code` = 'INDEX_UL2' ) LIMIT 1   [ RunTime:0.000068s ]
SQL: SELECT * FROM `ea_ad` WHERE ( `ad_code` = 'INDEX_UL3' ) LIMIT 1   [ RunTime:0.000079s ]
INFO: [ view_parse ] --START--
INFO: [ template_filter ] --START--
INFO: Run Behavior\ContentReplaceBehavior [ RunTime:0.000114s ]
INFO: [ template_filter ] --END-- [ RunTime:0.000168s ]
INFO: Run Behavior\ParseTemplateBehavior [ RunTime:0.012022s ]
INFO: [ view_parse ] --END-- [ RunTime:0.012065s ]
INFO: [ view_filter ] --START--
INFO: Run Behavior\WriteHtmlCacheBehavior [ RunTime:0.000042s ]
INFO: Run Behavior\TokenBuildBehavior [ RunTime:0.000054s ]
INFO: [ view_filter ] --END-- [ RunTime:0.000141s ]
INFO: [ app_end ] --START--
INFO: Run Behavior\ShowPageTraceBehavior [ RunTime:0.000048s ]
INFO: [ app_end ] --END-- [ RunTime:0.000088s ]

[ 2017-02-03T10:31:13+08:00 ] 116.236.146.21 /pc/index.php
INFO: [ app_init ] --START--
INFO: Run Behavior\BuildLiteBehavior [ RunTime:0.000013s ]
INFO: [ app_init ] --END-- [ RunTime:0.000072s ]
INFO: [ app_begin ] --START--
INFO: Run Behavior\ReadHtmlCacheBehavior [ RunTime:0.000038s ]
INFO: [ app_begin ] --END-- [ RunTime:0.000071s ]
SQL: SHOW COLUMNS FROM `ea_system_config` [ RunTime:0.000631s ]
SQL: SELECT * FROM `ea_system_config` LIMIT 1   [ RunTime:0.000100s ]
SQL: SHOW COLUMNS FROM `ea_ad` [ RunTime:0.000635s ]
SQL: SELECT * FROM `ea_ad` WHERE ( `ad_code` = 'INDEX_BANNER' )  [ RunTime:0.000126s ]
SQL: SELECT * FROM `ea_ad` WHERE ( `ad_code` = 'INDEX_UL1' ) LIMIT 1   [ RunTime:0.000110s ]
SQL: SELECT * FROM `ea_ad` WHERE ( `ad_code` = 'INDEX_UL2' ) LIMIT 1   [ RunTime:0.000067s ]
SQL: SELECT * FROM `ea_ad` WHERE ( `ad_code` = 'INDEX_UL3' ) LIMIT 1   [ RunTime:0.000065s ]
INFO: [ view_parse ] --START--
INFO: [ template_filter ] --START--
INFO: Run Behavior\ContentReplaceBehavior [ RunTime:0.000151s ]
INFO: [ template_filter ] --END-- [ RunTime:0.000204s ]
INFO: Run Behavior\ParseTemplateBehavior [ RunTime:0.012049s ]
INFO: [ view_parse ] --END-- [ RunTime:0.012101s ]
INFO: [ view_filter ] --START--
INFO: Run Behavior\WriteHtmlCacheBehavior [ RunTime:0.000047s ]
INFO: Run Behavior\TokenBuildBehavior [ RunTime:0.000067s ]
INFO: [ view_filter ] --END-- [ RunTime:0.000169s ]
INFO: [ app_end ] --START--
INFO: Run Behavior\ShowPageTraceBehavior [ RunTime:0.000056s ]
INFO: [ app_end ] --END-- [ RunTime:0.000106s ]

[ 2017-02-03T12:14:17+08:00 ] 45.120.243.254 /pc/index.php
INFO: [ app_init ] --START--
INFO: Run Behavior\BuildLiteBehavior [ RunTime:0.000017s ]
INFO: [ app_init ] --END-- [ RunTime:0.000076s ]
INFO: [ app_begin ] --START--
INFO: Run Behavior\ReadHtmlCacheBehavior [ RunTime:0.000046s ]
INFO: [ app_begin ] --END-- [ RunTime:0.000080s ]
SQL: SHOW COLUMNS FROM `ea_system_config` [ RunTime:0.000540s ]
SQL: SELECT * FROM `ea_system_config` LIMIT 1   [ RunTime:0.000104s ]
SQL: SHOW COLUMNS FROM `ea_ad` [ RunTime:0.000341s ]
SQL: SELECT * FROM `ea_ad` WHERE ( `ad_code` = 'INDEX_BANNER' )  [ RunTime:0.000089s ]
SQL: SELECT * FROM `ea_ad` WHERE ( `ad_code` = 'INDEX_UL1' ) LIMIT 1   [ RunTime:0.000090s ]
SQL: SELECT * FROM `ea_ad` WHERE ( `ad_code` = 'INDEX_UL2' ) LIMIT 1   [ RunTime:0.000067s ]
SQL: SELECT * FROM `ea_ad` WHERE ( `ad_code` = 'INDEX_UL3' ) LIMIT 1   [ RunTime:0.000065s ]
INFO: [ view_parse ] --START--
INFO: [ template_filter ] --START--
INFO: Run Behavior\ContentReplaceBehavior [ RunTime:0.000124s ]
INFO: [ template_filter ] --END-- [ RunTime:0.000173s ]
INFO: Run Behavior\ParseTemplateBehavior [ RunTime:0.012632s ]
INFO: [ view_parse ] --END-- [ RunTime:0.012674s ]
INFO: [ view_filter ] --START--
INFO: Run Behavior\WriteHtmlCacheBehavior [ RunTime:0.000043s ]
INFO: Run Behavior\TokenBuildBehavior [ RunTime:0.000046s ]
INFO: [ view_filter ] --END-- [ RunTime:0.000132s ]
INFO: [ app_end ] --START--
INFO: Run Behavior\ShowPageTraceBehavior [ RunTime:0.000062s ]
INFO: [ app_end ] --END-- [ RunTime:0.000109s ]

[ 2017-02-03T14:45:13+08:00 ] 116.236.146.21 /pc/index.php
INFO: [ app_init ] --START--
INFO: Run Behavior\BuildLiteBehavior [ RunTime:0.000017s ]
INFO: [ app_init ] --END-- [ RunTime:0.000082s ]
INFO: [ app_begin ] --START--
INFO: Run Behavior\ReadHtmlCacheBehavior [ RunTime:0.000041s ]
INFO: [ app_begin ] --END-- [ RunTime:0.000076s ]
SQL: SHOW COLUMNS FROM `ea_system_config` [ RunTime:0.000612s ]
SQL: SELECT * FROM `ea_system_config` LIMIT 1   [ RunTime:0.000122s ]
SQL: SHOW COLUMNS FROM `ea_ad` [ RunTime:0.000432s ]
SQL: SELECT * FROM `ea_ad` WHERE ( `ad_code` = 'INDEX_BANNER' )  [ RunTime:0.000081s ]
SQL: SELECT * FROM `ea_ad` WHERE ( `ad_code` = 'INDEX_UL1' ) LIMIT 1   [ RunTime:0.000078s ]
SQL: SELECT * FROM `ea_ad` WHERE ( `ad_code` = 'INDEX_UL2' ) LIMIT 1   [ RunTime:0.000067s ]
SQL: SELECT * FROM `ea_ad` WHERE ( `ad_code` = 'INDEX_UL3' ) LIMIT 1   [ RunTime:0.000090s ]
INFO: [ view_parse ] --START--
INFO: [ template_filter ] --START--
INFO: Run Behavior\ContentReplaceBehavior [ RunTime:0.000113s ]
INFO: [ template_filter ] --END-- [ RunTime:0.000160s ]
INFO: Run Behavior\ParseTemplateBehavior [ RunTime:0.012669s ]
INFO: [ view_parse ] --END-- [ RunTime:0.012711s ]
INFO: [ view_filter ] --START--
INFO: Run Behavior\WriteHtmlCacheBehavior [ RunTime:0.000085s ]
INFO: Run Behavior\TokenBuildBehavior [ RunTime:0.000045s ]
INFO: [ view_filter ] --END-- [ RunTime:0.000186s ]
INFO: [ app_end ] --START--
INFO: Run Behavior\ShowPageTraceBehavior [ RunTime:0.000062s ]
INFO: [ app_end ] --END-- [ RunTime:0.000107s ]

[ 2017-02-03T15:59:20+08:00 ] 116.236.146.21 /pc/index.php
INFO: [ app_init ] --START--
INFO: Run Behavior\BuildLiteBehavior [ RunTime:0.000012s ]
INFO: [ app_init ] --END-- [ RunTime:0.000060s ]
INFO: [ app_begin ] --START--
INFO: Run Behavior\ReadHtmlCacheBehavior [ RunTime:0.000041s ]
INFO: [ app_begin ] --END-- [ RunTime:0.000114s ]
SQL: SHOW COLUMNS FROM `ea_system_config` [ RunTime:0.000507s ]
SQL: SELECT * FROM `ea_system_config` LIMIT 1   [ RunTime:0.000139s ]
SQL: SHOW COLUMNS FROM `ea_ad` [ RunTime:0.000345s ]
SQL: SELECT * FROM `ea_ad` WHERE ( `ad_code` = 'INDEX_BANNER' )  [ RunTime:0.000115s ]
SQL: SELECT * FROM `ea_ad` WHERE ( `ad_code` = 'INDEX_UL1' ) LIMIT 1   [ RunTime:0.000081s ]
SQL: SELECT * FROM `ea_ad` WHERE ( `ad_code` = 'INDEX_UL2' ) LIMIT 1   [ RunTime:0.000065s ]
SQL: SELECT * FROM `ea_ad` WHERE ( `ad_code` = 'INDEX_UL3' ) LIMIT 1   [ RunTime:0.000065s ]
INFO: [ view_parse ] --START--
INFO: [ template_filter ] --START--
INFO: Run Behavior\ContentReplaceBehavior [ RunTime:0.000155s ]
INFO: [ template_filter ] --END-- [ RunTime:0.000225s ]
INFO: Run Behavior\ParseTemplateBehavior [ RunTime:0.014801s ]
INFO: [ view_parse ] --END-- [ RunTime:0.014853s ]
INFO: [ view_filter ] --START--
INFO: Run Behavior\WriteHtmlCacheBehavior [ RunTime:0.000064s ]
INFO: Run Behavior\TokenBuildBehavior [ RunTime:0.000052s ]
INFO: [ view_filter ] --END-- [ RunTime:0.000179s ]
INFO: [ app_end ] --START--
INFO: Run Behavior\ShowPageTraceBehavior [ RunTime:0.000045s ]
INFO: [ app_end ] --END-- [ RunTime:0.000080s ]

[ 2017-02-03T17:08:28+08:00 ] 123.125.71.30 /pc/index.php
INFO: [ app_init ] --START--
INFO: Run Behavior\BuildLiteBehavior [ RunTime:0.000019s ]
INFO: [ app_init ] --END-- [ RunTime:0.000067s ]
INFO: [ app_begin ] --START--
INFO: Run Behavior\ReadHtmlCacheBehavior [ RunTime:0.000048s ]
INFO: [ app_begin ] --END-- [ RunTime:0.000084s ]
SQL: SHOW COLUMNS FROM `ea_system_config` [ RunTime:0.000547s ]
SQL: SELECT * FROM `ea_system_config` LIMIT 1   [ RunTime:0.000113s ]
SQL: SHOW COLUMNS FROM `ea_ad` [ RunTime:0.000401s ]
SQL: SELECT * FROM `ea_ad` WHERE ( `ad_code` = 'INDEX_BANNER' )  [ RunTime:0.000078s ]
SQL: SELECT * FROM `ea_ad` WHERE ( `ad_code` = 'INDEX_UL1' ) LIMIT 1   [ RunTime:0.000075s ]
SQL: SELECT * FROM `ea_ad` WHERE ( `ad_code` = 'INDEX_UL2' ) LIMIT 1   [ RunTime:0.000069s ]
SQL: SELECT * FROM `ea_ad` WHERE ( `ad_code` = 'INDEX_UL3' ) LIMIT 1   [ RunTime:0.000066s ]
INFO: [ view_parse ] --START--
INFO: [ template_filter ] --START--
INFO: Run Behavior\ContentReplaceBehavior [ RunTime:0.000115s ]
INFO: [ template_filter ] --END-- [ RunTime:0.000157s ]
INFO: Run Behavior\ParseTemplateBehavior [ RunTime:0.010971s ]
INFO: [ view_parse ] --END-- [ RunTime:0.011011s ]
INFO: [ view_filter ] --START--
INFO: Run Behavior\WriteHtmlCacheBehavior [ RunTime:0.000042s ]
INFO: Run Behavior\TokenBuildBehavior [ RunTime:0.000046s ]
INFO: [ view_filter ] --END-- [ RunTime:0.000132s ]
INFO: [ app_end ] --START--
INFO: Run Behavior\ShowPageTraceBehavior [ RunTime:0.000053s ]
INFO: [ app_end ] --END-- [ RunTime:0.000094s ]

[ 2017-02-03T22:51:54+08:00 ] 203.208.60.236 /pc/index.php/Index/login-register.html
INFO: [ app_init ] --START--
INFO: Run Behavior\BuildLiteBehavior [ RunTime:0.000012s ]
INFO: [ app_init ] --END-- [ RunTime:0.000061s ]
INFO: [ app_begin ] --START--
INFO: Run Behavior\ReadHtmlCacheBehavior [ RunTime:0.000041s ]
INFO: [ app_begin ] --END-- [ RunTime:0.000077s ]
SQL: SHOW COLUMNS FROM `ea_system_config` [ RunTime:0.000530s ]
SQL: SELECT * FROM `ea_system_config` LIMIT 1   [ RunTime:0.000111s ]
INFO: [ view_parse ] --START--
INFO: [ template_filter ] --START--
INFO: Run Behavior\ContentReplaceBehavior [ RunTime:0.000114s ]
INFO: [ template_filter ] --END-- [ RunTime:0.000157s ]
INFO: Run Behavior\ParseTemplateBehavior [ RunTime:0.008508s ]
INFO: [ view_parse ] --END-- [ RunTime:0.008551s ]
INFO: [ view_filter ] --START--
INFO: Run Behavior\WriteHtmlCacheBehavior [ RunTime:0.000044s ]
INFO: Run Behavior\TokenBuildBehavior [ RunTime:0.000043s ]
INFO: [ view_filter ] --END-- [ RunTime:0.000131s ]
INFO: [ app_end ] --START--
INFO: Run Behavior\ShowPageTraceBehavior [ RunTime:0.000047s ]
INFO: [ app_end ] --END-- [ RunTime:0.000086s ]

[ 2017-02-03T22:51:55+08:00 ] 203.208.60.236 /pc/index.php/Index/login-register.html
INFO: [ app_init ] --START--
INFO: Run Behavior\BuildLiteBehavior [ RunTime:0.000013s ]
INFO: [ app_init ] --END-- [ RunTime:0.000060s ]
INFO: [ app_begin ] --START--
INFO: Run Behavior\ReadHtmlCacheBehavior [ RunTime:0.000038s ]
INFO: [ app_begin ] --END-- [ RunTime:0.000076s ]
SQL: SHOW COLUMNS FROM `ea_system_config` [ RunTime:0.000546s ]
SQL: SELECT * FROM `ea_system_config` LIMIT 1   [ RunTime:0.000136s ]
INFO: [ view_parse ] --START--
INFO: [ template_filter ] --START--
INFO: Run Behavior\ContentReplaceBehavior [ RunTime:0.000139s ]
INFO: [ template_filter ] --END-- [ RunTime:0.000187s ]
INFO: Run Behavior\ParseTemplateBehavior [ RunTime:0.008943s ]
INFO: [ view_parse ] --END-- [ RunTime:0.008989s ]
INFO: [ view_filter ] --START--
INFO: Run Behavior\WriteHtmlCacheBehavior [ RunTime:0.000041s ]
INFO: Run Behavior\TokenBuildBehavior [ RunTime:0.000038s ]
INFO: [ view_filter ] --END-- [ RunTime:0.000123s ]
INFO: [ app_end ] --START--
INFO: Run Behavior\ShowPageTraceBehavior [ RunTime:0.000044s ]
INFO: [ app_end ] --END-- [ RunTime:0.000084s ]

